This is pdfTeX, Version 3.141592653-2.6-1.40.26 (MiKTeX 24.4) (preloaded format=pdflatex 2024.10.22)  28 OCT 2024 13:56
entering extended mode
 restricted \write18 enabled.
 %&-line parsing enabled.
**./Thesis.tex
(Thesis.tex
LaTeX2e <2024-06-01> patch level 2
L3 programming layer <2024-09-10>

(C:\Users\Ext.Sandor.Heroczi\AppData\Local\Programs\MiKTeX\tex/latex/base\artic
le.cls
Document Class: article 2024/02/08 v1.4n Standard LaTeX document class

(C:\Users\Ext.Sandor.Heroczi\AppData\Local\Programs\MiKTeX\tex/latex/base\size1
2.clo
File: size12.clo 2024/02/08 v1.4n Standard LaTeX file (size option)
)
\c@part=\count194
\c@section=\count195
\c@subsection=\count196
\c@subsubsection=\count197
\c@paragraph=\count198
\c@subparagraph=\count199
\c@figure=\count266
\c@table=\count267
\abovecaptionskip=\skip49
\belowcaptionskip=\skip50
\bibindent=\dimen141
)
(C:\Users\Ext.Sandor.Heroczi\AppData\Local\Programs\MiKTeX\tex/latex/initials\A
corn.fd
File: Acorn.fd 2003/04/02 Font definition file for U/Acorn
)
(C:\Users\Ext.Sandor.Heroczi\AppData\Local\Programs\MiKTeX\tex/generic/babel\ba
bel.sty
Package: babel 2024/10/05 v24.11 The Babel package
\babel@savecnt=\count268
\U@D=\dimen142
\l@unhyphenated=\language79

(C:\Users\Ext.Sandor.Heroczi\AppData\Local\Programs\MiKTeX\tex/generic/babel\tx
tbabel.def)
\bbl@readstream=\read2
\bbl@dirlevel=\count269

*************************************
* Local config file bblopts.cfg used
*

(C:\Users\Ext.Sandor.Heroczi\AppData\Local\Programs\MiKTeX\tex/latex/arabi\bblo
pts.cfg
File: bblopts.cfg 2005/09/08 v0.1 add Arabic and Farsi to "declared" options of
 babel
)
(C:\Users\Ext.Sandor.Heroczi\AppData\Local\Programs\MiKTeX\tex/latex/babel-hung
arian\magyar.ldf
Language: magyar 2019/01/14 v1.5c Magyar (Hungarian) support for babel
Package babel Info: Making ` an active character on input line 2819.
\c@footnote@add=\count270
\c@footnote@ch=\count271
))
(C:\Users\Ext.Sandor.Heroczi\AppData\Local\Programs\MiKTeX\tex/generic/babel/lo
cale/hu\babel-magyar.tex
Package babel Info: Importing font and identification data for magyar
(babel)             from babel-hu.ini. Reported on input line 11.
)
(C:\Users\Ext.Sandor.Heroczi\AppData\Local\Programs\MiKTeX\tex/latex/base\fonte
nc.sty
Package: fontenc 2021/04/29 v2.0v Standard LaTeX package
)
(C:\Users\Ext.Sandor.Heroczi\AppData\Local\Programs\MiKTeX\tex/latex/kpfonts\kp
fonts.sty
Package: kpfonts  2023/01/18 v3.35

(C:\Users\Ext.Sandor.Heroczi\AppData\Local\Programs\MiKTeX\tex/generic/iftex\if
tex.sty
Package: iftex 2022/02/03 v1.0f TeX engine tests
)
(C:\Users\Ext.Sandor.Heroczi\AppData\Local\Programs\MiKTeX\tex/latex/amsmath\am
smath.sty
Package: amsmath 2024/05/23 v2.17q AMS math features
\@mathmargin=\skip51

For additional information on amsmath, use the `?' option.

(C:\Users\Ext.Sandor.Heroczi\AppData\Local\Programs\MiKTeX\tex/latex/amsmath\am
stext.sty
Package: amstext 2021/08/26 v2.01 AMS text

(C:\Users\Ext.Sandor.Heroczi\AppData\Local\Programs\MiKTeX\tex/latex/amsmath\am
sgen.sty
File: amsgen.sty 1999/11/30 v2.0 generic functions
\@emptytoks=\toks17
\ex@=\dimen143
))
(C:\Users\Ext.Sandor.Heroczi\AppData\Local\Programs\MiKTeX\tex/latex/amsmath\am
sbsy.sty
Package: amsbsy 1999/11/29 v1.2d Bold Symbols
\pmbraise@=\dimen144
)
(C:\Users\Ext.Sandor.Heroczi\AppData\Local\Programs\MiKTeX\tex/latex/amsmath\am
sopn.sty
Package: amsopn 2022/04/08 v2.04 operator names
)
\inf@bad=\count272
LaTeX Info: Redefining \frac on input line 233.
\uproot@=\count273
\leftroot@=\count274
LaTeX Info: Redefining \overline on input line 398.
LaTeX Info: Redefining \colon on input line 409.
\classnum@=\count275
\DOTSCASE@=\count276
LaTeX Info: Redefining \ldots on input line 495.
LaTeX Info: Redefining \dots on input line 498.
LaTeX Info: Redefining \cdots on input line 619.
\Mathstrutbox@=\box52
\strutbox@=\box53
LaTeX Info: Redefining \big on input line 721.
LaTeX Info: Redefining \Big on input line 722.
LaTeX Info: Redefining \bigg on input line 723.
LaTeX Info: Redefining \Bigg on input line 724.
\big@size=\dimen145
LaTeX Font Info:    Redeclaring font encoding OML on input line 742.
LaTeX Font Info:    Redeclaring font encoding OMS on input line 743.
\macc@depth=\count277
LaTeX Info: Redefining \bmod on input line 904.
LaTeX Info: Redefining \pmod on input line 909.
LaTeX Info: Redefining \smash on input line 939.
LaTeX Info: Redefining \relbar on input line 969.
LaTeX Info: Redefining \Relbar on input line 970.
\c@MaxMatrixCols=\count278
\dotsspace@=\muskip17
\c@parentequation=\count279
\dspbrk@lvl=\count280
\tag@help=\toks18
\row@=\count281
\column@=\count282
\maxfields@=\count283
\andhelp@=\toks19
\eqnshift@=\dimen146
\alignsep@=\dimen147
\tagshift@=\dimen148
\tagwidth@=\dimen149
\totwidth@=\dimen150
\lineht@=\dimen151
\@envbody=\toks20
\multlinegap=\skip52
\multlinetaggap=\skip53
\mathdisplay@stack=\toks21
LaTeX Info: Redefining \[ on input line 2953.
LaTeX Info: Redefining \] on input line 2954.
)
\c@mv@rm=\count284
\c@mv@boldrm=\count285
\c@mv@sf=\count286
\c@mv@boldsf=\count287
LaTeX Font Info:    Redeclaring symbol font `operators' on input line 377.
LaTeX Font Info:    Overwriting symbol font `operators' in version `normal'
(Font)                  OT1/cmr/m/n --> OT1/jkp/m/n on input line 377.
LaTeX Font Info:    Overwriting symbol font `operators' in version `bold'
(Font)                  OT1/cmr/bx/n --> OT1/jkp/m/n on input line 377.
LaTeX Font Info:    Overwriting symbol font `operators' in version `rm'
(Font)                  OT1/cmr/m/n --> OT1/jkp/m/n on input line 377.
LaTeX Font Info:    Overwriting symbol font `operators' in version `boldrm'
(Font)                  OT1/cmr/m/n --> OT1/jkp/m/n on input line 377.
LaTeX Font Info:    Overwriting symbol font `operators' in version `sf'
(Font)                  OT1/cmr/m/n --> OT1/jkp/m/n on input line 377.
LaTeX Font Info:    Overwriting symbol font `operators' in version `boldsf'
(Font)                  OT1/cmr/m/n --> OT1/jkp/m/n on input line 377.
LaTeX Font Info:    Overwriting symbol font `operators' in version `bold'
(Font)                  OT1/jkp/m/n --> OT1/jkp/b/n on input line 378.
LaTeX Font Info:    Overwriting symbol font `operators' in version `rm'
(Font)                  OT1/jkp/m/n --> OT1/jkp/m/n on input line 380.
LaTeX Font Info:    Overwriting symbol font `operators' in version `boldrm'
(Font)                  OT1/jkp/m/n --> OT1/jkp/b/n on input line 381.
LaTeX Font Info:    Overwriting symbol font `operators' in version `sf'
(Font)                  OT1/jkp/m/n --> OT1/jkpss/m/n on input line 382.
LaTeX Font Info:    Overwriting symbol font `operators' in version `boldsf'
(Font)                  OT1/jkp/m/n --> OT1/jkpss/b/n on input line 383.
LaTeX Font Info:    Redeclaring math alphabet \mathrm on input line 387.
LaTeX Font Info:    Overwriting math alphabet `\mathrm' in version `bold'
(Font)                  OT1/jkp/m/n --> OT1/jkp/b/n on input line 388.
LaTeX Font Info:    Overwriting math alphabet `\mathrm' in version `rm'
(Font)                  OT1/jkp/m/n --> OT1/jkp/m/n on input line 389.
LaTeX Font Info:    Overwriting math alphabet `\mathrm' in version `boldrm'
(Font)                  OT1/jkp/m/n --> OT1/jkp/b/n on input line 390.
LaTeX Font Info:    Overwriting math alphabet `\mathrm' in version `sf'
(Font)                  OT1/jkp/m/n --> OT1/jkp/m/n on input line 391.
LaTeX Font Info:    Overwriting math alphabet `\mathrm' in version `boldsf'
(Font)                  OT1/jkp/m/n --> OT1/jkp/b/n on input line 392.
LaTeX Font Info:    Redeclaring math alphabet \mathbf on input line 401.
LaTeX Font Info:    Overwriting math alphabet `\mathbf' in version `normal'
(Font)                  OT1/cmr/bx/n --> OT1/jkp/b/n on input line 401.
LaTeX Font Info:    Overwriting math alphabet `\mathbf' in version `bold'
(Font)                  OT1/cmr/bx/n --> OT1/jkp/b/n on input line 401.
LaTeX Font Info:    Overwriting math alphabet `\mathbf' in version `rm'
(Font)                  OT1/cmr/bx/n --> OT1/jkp/b/n on input line 401.
LaTeX Font Info:    Overwriting math alphabet `\mathbf' in version `boldrm'
(Font)                  OT1/cmr/bx/n --> OT1/jkp/b/n on input line 401.
LaTeX Font Info:    Overwriting math alphabet `\mathbf' in version `sf'
(Font)                  OT1/cmr/bx/n --> OT1/jkp/b/n on input line 401.
LaTeX Font Info:    Overwriting math alphabet `\mathbf' in version `boldsf'
(Font)                  OT1/cmr/bx/n --> OT1/jkp/b/n on input line 401.
LaTeX Font Info:    Overwriting math alphabet `\mathbf' in version `bold'
(Font)                  OT1/jkp/b/n --> OT1/jkp/b/n on input line 402.
LaTeX Font Info:    Overwriting math alphabet `\mathbf' in version `rm'
(Font)                  OT1/jkp/b/n --> OT1/jkp/b/n on input line 404.
LaTeX Font Info:    Overwriting math alphabet `\mathbf' in version `boldrm'
(Font)                  OT1/jkp/b/n --> OT1/jkp/b/n on input line 405.
LaTeX Font Info:    Overwriting math alphabet `\mathbf' in version `sf'
(Font)                  OT1/jkp/b/n --> OT1/jkpss/b/n on input line 406.
LaTeX Font Info:    Overwriting math alphabet `\mathbf' in version `boldsf'
(Font)                  OT1/jkp/b/n --> OT1/jkpss/b/n on input line 407.
LaTeX Font Info:    Redeclaring math alphabet \mathit on input line 413.
LaTeX Font Info:    Overwriting math alphabet `\mathit' in version `normal'
(Font)                  OT1/cmr/m/it --> OT1/jkp/m/it on input line 413.
LaTeX Font Info:    Overwriting math alphabet `\mathit' in version `bold'
(Font)                  OT1/cmr/bx/it --> OT1/jkp/m/it on input line 413.
LaTeX Font Info:    Overwriting math alphabet `\mathit' in version `rm'
(Font)                  OT1/cmr/m/it --> OT1/jkp/m/it on input line 413.
LaTeX Font Info:    Overwriting math alphabet `\mathit' in version `boldrm'
(Font)                  OT1/cmr/m/it --> OT1/jkp/m/it on input line 413.
LaTeX Font Info:    Overwriting math alphabet `\mathit' in version `sf'
(Font)                  OT1/cmr/m/it --> OT1/jkp/m/it on input line 413.
LaTeX Font Info:    Overwriting math alphabet `\mathit' in version `boldsf'
(Font)                  OT1/cmr/m/it --> OT1/jkp/m/it on input line 413.
LaTeX Font Info:    Overwriting math alphabet `\mathit' in version `bold'
(Font)                  OT1/jkp/m/it --> OT1/jkp/b/it on input line 414.
LaTeX Font Info:    Overwriting math alphabet `\mathit' in version `rm'
(Font)                  OT1/jkp/m/it --> OT1/jkp/m/it on input line 416.
LaTeX Font Info:    Overwriting math alphabet `\mathit' in version `boldrm'
(Font)                  OT1/jkp/m/it --> OT1/jkp/b/it on input line 417.
LaTeX Font Info:    Overwriting math alphabet `\mathit' in version `sf'
(Font)                  OT1/jkp/m/it --> OT1/jkpss/m/it on input line 418.
LaTeX Font Info:    Overwriting math alphabet `\mathit' in version `boldsf'
(Font)                  OT1/jkp/m/it --> OT1/jkpss/b/it on input line 419.
LaTeX Font Info:    Redeclaring math alphabet \mathsf on input line 424.
LaTeX Font Info:    Overwriting math alphabet `\mathsf' in version `normal'
(Font)                  OT1/cmss/m/n --> OT1/jkpss/m/n on input line 424.
LaTeX Font Info:    Overwriting math alphabet `\mathsf' in version `bold'
(Font)                  OT1/cmss/bx/n --> OT1/jkpss/m/n on input line 424.
LaTeX Font Info:    Overwriting math alphabet `\mathsf' in version `rm'
(Font)                  OT1/cmss/m/n --> OT1/jkpss/m/n on input line 424.
LaTeX Font Info:    Overwriting math alphabet `\mathsf' in version `boldrm'
(Font)                  OT1/cmss/m/n --> OT1/jkpss/m/n on input line 424.
LaTeX Font Info:    Overwriting math alphabet `\mathsf' in version `sf'
(Font)                  OT1/cmss/m/n --> OT1/jkpss/m/n on input line 424.
LaTeX Font Info:    Overwriting math alphabet `\mathsf' in version `boldsf'
(Font)                  OT1/cmss/m/n --> OT1/jkpss/m/n on input line 424.
LaTeX Font Info:    Overwriting math alphabet `\mathsf' in version `bold'
(Font)                  OT1/jkpss/m/n --> OT1/jkpss/b/n on input line 425.
LaTeX Font Info:    Overwriting math alphabet `\mathsf' in version `rm'
(Font)                  OT1/jkpss/m/n --> OT1/jkpss/m/n on input line 426.
LaTeX Font Info:    Overwriting math alphabet `\mathsf' in version `boldrm'
(Font)                  OT1/jkpss/m/n --> OT1/jkpss/b/n on input line 427.
LaTeX Font Info:    Overwriting math alphabet `\mathsf' in version `sf'
(Font)                  OT1/jkpss/m/n --> OT1/jkpss/m/n on input line 428.
LaTeX Font Info:    Overwriting math alphabet `\mathsf' in version `boldsf'
(Font)                  OT1/jkpss/m/n --> OT1/jkpss/b/n on input line 429.
LaTeX Font Info:    Redeclaring math alphabet \mathtt on input line 433.
LaTeX Font Info:    Overwriting math alphabet `\mathtt' in version `normal'
(Font)                  OT1/cmtt/m/n --> OT1/jkptt/m/n on input line 433.
LaTeX Font Info:    Overwriting math alphabet `\mathtt' in version `bold'
(Font)                  OT1/cmtt/m/n --> OT1/jkptt/m/n on input line 433.
LaTeX Font Info:    Overwriting math alphabet `\mathtt' in version `rm'
(Font)                  OT1/cmtt/m/n --> OT1/jkptt/m/n on input line 433.
LaTeX Font Info:    Overwriting math alphabet `\mathtt' in version `boldrm'
(Font)                  OT1/cmtt/m/n --> OT1/jkptt/m/n on input line 433.
LaTeX Font Info:    Overwriting math alphabet `\mathtt' in version `sf'
(Font)                  OT1/cmtt/m/n --> OT1/jkptt/m/n on input line 433.
LaTeX Font Info:    Overwriting math alphabet `\mathtt' in version `boldsf'
(Font)                  OT1/cmtt/m/n --> OT1/jkptt/m/n on input line 433.
LaTeX Font Info:    Overwriting math alphabet `\mathtt' in version `bold'
(Font)                  OT1/jkptt/m/n --> OT1/jkptt/b/n on input line 434.
LaTeX Font Info:    Overwriting math alphabet `\mathtt' in version `rm'
(Font)                  OT1/jkptt/m/n --> OT1/jkptt/m/n on input line 435.
LaTeX Font Info:    Overwriting math alphabet `\mathtt' in version `boldrm'
(Font)                  OT1/jkptt/m/n --> OT1/jkptt/b/n on input line 436.
LaTeX Font Info:    Overwriting math alphabet `\mathtt' in version `sf'
(Font)                  OT1/jkptt/m/n --> OT1/jkptt/m/n on input line 437.
LaTeX Font Info:    Overwriting math alphabet `\mathtt' in version `boldsf'
(Font)                  OT1/jkptt/m/n --> OT1/jkptt/b/n on input line 438.
LaTeX Font Info:    Redeclaring symbol font `letters' on input line 446.
LaTeX Font Info:    Overwriting symbol font `letters' in version `normal'
(Font)                  OML/cmm/m/it --> OML/jkp/m/it on input line 446.
LaTeX Font Info:    Overwriting symbol font `letters' in version `bold'
(Font)                  OML/cmm/b/it --> OML/jkp/m/it on input line 446.
LaTeX Font Info:    Overwriting symbol font `letters' in version `rm'
(Font)                  OML/cmm/m/it --> OML/jkp/m/it on input line 446.
LaTeX Font Info:    Overwriting symbol font `letters' in version `boldrm'
(Font)                  OML/cmm/m/it --> OML/jkp/m/it on input line 446.
LaTeX Font Info:    Overwriting symbol font `letters' in version `sf'
(Font)                  OML/cmm/m/it --> OML/jkp/m/it on input line 446.
LaTeX Font Info:    Overwriting symbol font `letters' in version `boldsf'
(Font)                  OML/cmm/m/it --> OML/jkp/m/it on input line 446.
LaTeX Font Info:    Overwriting symbol font `letters' in version `bold'
(Font)                  OML/jkp/m/it --> OML/jkp/bx/it on input line 447.
LaTeX Font Info:    Overwriting symbol font `letters' in version `rm'
(Font)                  OML/jkp/m/it --> OML/jkp/m/it on input line 449.
LaTeX Font Info:    Overwriting symbol font `letters' in version `boldrm'
(Font)                  OML/jkp/m/it --> OML/jkp/bx/it on input line 450.
LaTeX Font Info:    Overwriting symbol font `letters' in version `sf'
(Font)                  OML/jkp/m/it --> OML/jkpss/m/it on input line 451.
LaTeX Font Info:    Overwriting symbol font `letters' in version `boldsf'
(Font)                  OML/jkp/m/it --> OML/jkpss/bx/it on input line 452.
\symlettersA=\mathgroup4
LaTeX Font Info:    Overwriting symbol font `lettersA' in version `bold'
(Font)                  U/jkpmia/m/it --> U/jkpmia/bx/it on input line 462.
LaTeX Font Info:    Overwriting symbol font `lettersA' in version `rm'
(Font)                  U/jkpmia/m/it --> U/jkpmia/m/it on input line 464.
LaTeX Font Info:    Overwriting symbol font `lettersA' in version `boldrm'
(Font)                  U/jkpmia/m/it --> U/jkpmia/bx/it on input line 465.
LaTeX Font Info:    Overwriting symbol font `lettersA' in version `sf'
(Font)                  U/jkpmia/m/it --> U/jkpssmia/m/it on input line 466.
LaTeX Font Info:    Overwriting symbol font `lettersA' in version `boldsf'
(Font)                  U/jkpmia/m/it --> U/jkpssmia/bx/it on input line 467.
LaTeX Font Info:    Redeclaring symbol font `symbols' on input line 479.
LaTeX Font Info:    Overwriting symbol font `symbols' in version `normal'
(Font)                  OMS/cmsy/m/n --> OMS/jkp/m/n on input line 479.
LaTeX Font Info:    Overwriting symbol font `symbols' in version `bold'
(Font)                  OMS/cmsy/b/n --> OMS/jkp/m/n on input line 479.
LaTeX Font Info:    Overwriting symbol font `symbols' in version `rm'
(Font)                  OMS/cmsy/m/n --> OMS/jkp/m/n on input line 479.
LaTeX Font Info:    Overwriting symbol font `symbols' in version `boldrm'
(Font)                  OMS/cmsy/m/n --> OMS/jkp/m/n on input line 479.
LaTeX Font Info:    Overwriting symbol font `symbols' in version `sf'
(Font)                  OMS/cmsy/m/n --> OMS/jkp/m/n on input line 479.
LaTeX Font Info:    Overwriting symbol font `symbols' in version `boldsf'
(Font)                  OMS/cmsy/m/n --> OMS/jkp/m/n on input line 479.
LaTeX Font Info:    Overwriting symbol font `symbols' in version `bold'
(Font)                  OMS/jkp/m/n --> OMS/jkp/bx/n on input line 480.
LaTeX Font Info:    Overwriting symbol font `symbols' in version `rm'
(Font)                  OMS/jkp/m/n --> OMS/jkp/m/n on input line 482.
LaTeX Font Info:    Overwriting symbol font `symbols' in version `boldrm'
(Font)                  OMS/jkp/m/n --> OMS/jkp/bx/n on input line 483.
LaTeX Font Info:    Overwriting symbol font `symbols' in version `sf'
(Font)                  OMS/jkp/m/n --> OMS/jkp/m/n on input line 484.
LaTeX Font Info:    Overwriting symbol font `symbols' in version `boldsf'
(Font)                  OMS/jkp/m/n --> OMS/jkp/bx/n on input line 485.
\symAMSa=\mathgroup5
LaTeX Font Info:    Overwriting symbol font `AMSa' in version `bold'
(Font)                  U/jkpsya/m/n --> U/jkpsya/bx/n on input line 499.
LaTeX Font Info:    Overwriting symbol font `AMSa' in version `rm'
(Font)                  U/jkpsya/m/n --> U/jkpsya/m/n on input line 500.
LaTeX Font Info:    Overwriting symbol font `AMSa' in version `boldrm'
(Font)                  U/jkpsya/m/n --> U/jkpsya/bx/n on input line 501.
LaTeX Font Info:    Overwriting symbol font `AMSa' in version `sf'
(Font)                  U/jkpsya/m/n --> U/jkpsya/m/n on input line 502.
LaTeX Font Info:    Overwriting symbol font `AMSa' in version `boldsf'
(Font)                  U/jkpsya/m/n --> U/jkpsya/bx/n on input line 503.
\symAMSb=\mathgroup6
LaTeX Font Info:    Overwriting symbol font `AMSb' in version `bold'
(Font)                  U/jkpsyb/m/n --> U/jkpsyb/bx/n on input line 552.
LaTeX Font Info:    Overwriting symbol font `AMSb' in version `rm'
(Font)                  U/jkpsyb/m/n --> U/jkpsyb/m/n on input line 553.
LaTeX Font Info:    Overwriting symbol font `AMSb' in version `boldrm'
(Font)                  U/jkpsyb/m/n --> U/jkpsyb/bx/n on input line 554.
LaTeX Font Info:    Overwriting symbol font `AMSb' in version `sf'
(Font)                  U/jkpsyb/m/n --> U/jkpsssyb/m/n on input line 555.
LaTeX Font Info:    Overwriting symbol font `AMSb' in version `boldsf'
(Font)                  U/jkpsyb/m/n --> U/jkpsssyb/bx/n on input line 556.
\symsymbolsC=\mathgroup7
LaTeX Font Info:    Overwriting symbol font `symbolsC' in version `bold'
(Font)                  U/jkpsyc/m/n --> U/jkpsyc/bx/n on input line 572.
LaTeX Font Info:    Overwriting symbol font `symbolsC' in version `rm'
(Font)                  U/jkpsyc/m/n --> U/jkpsyc/m/n on input line 574.
LaTeX Font Info:    Overwriting symbol font `symbolsC' in version `boldrm'
(Font)                  U/jkpsyc/m/n --> U/jkpsyc/bx/n on input line 575.
LaTeX Font Info:    Overwriting symbol font `symbolsC' in version `sf'
(Font)                  U/jkpsyc/m/n --> U/jkpsyc/m/n on input line 576.
LaTeX Font Info:    Overwriting symbol font `symbolsC' in version `boldsf'
(Font)                  U/jkpsyc/m/n --> U/jkpsyc/bx/n on input line 577.
LaTeX Font Info:    Overwriting math alphabet `\mathscr' in version `bold'
(Font)                  U/jkpsyd/m/n --> U/jkpsyd/bx/n on input line 606.
LaTeX Font Info:    Overwriting math alphabet `\mathscr' in version `rm'
(Font)                  U/jkpsyd/m/n --> U/jkpsyd/m/n on input line 608.
LaTeX Font Info:    Overwriting math alphabet `\mathscr' in version `boldrm'
(Font)                  U/jkpsyd/m/n --> U/jkpsyd/bx/n on input line 609.
LaTeX Font Info:    Overwriting math alphabet `\mathscr' in version `sf'
(Font)                  U/jkpsyd/m/n --> U/jkpsyd/m/n on input line 610.
LaTeX Font Info:    Overwriting math alphabet `\mathscr' in version `boldsf'
(Font)                  U/jkpsyd/m/n --> U/jkpsyd/bx/n on input line 611.
LaTeX Font Info:    Redeclaring symbol font `largesymbols' on input line 621.
LaTeX Font Info:    Overwriting symbol font `largesymbols' in version `normal'
(Font)                  OMX/cmex/m/n --> OMX/jkp/m/n on input line 621.
LaTeX Font Info:    Overwriting symbol font `largesymbols' in version `bold'
(Font)                  OMX/cmex/m/n --> OMX/jkp/m/n on input line 621.
LaTeX Font Info:    Overwriting symbol font `largesymbols' in version `rm'
(Font)                  OMX/cmex/m/n --> OMX/jkp/m/n on input line 621.
LaTeX Font Info:    Overwriting symbol font `largesymbols' in version `boldrm'
(Font)                  OMX/cmex/m/n --> OMX/jkp/m/n on input line 621.
LaTeX Font Info:    Overwriting symbol font `largesymbols' in version `sf'
(Font)                  OMX/cmex/m/n --> OMX/jkp/m/n on input line 621.
LaTeX Font Info:    Overwriting symbol font `largesymbols' in version `boldsf'
(Font)                  OMX/cmex/m/n --> OMX/jkp/m/n on input line 621.
LaTeX Font Info:    Overwriting symbol font `largesymbols' in version `bold'
(Font)                  OMX/jkp/m/n --> OMX/jkp/bx/n on input line 622.
LaTeX Font Info:    Overwriting symbol font `largesymbols' in version `rm'
(Font)                  OMX/jkp/m/n --> OMX/jkp/m/n on input line 624.
LaTeX Font Info:    Overwriting symbol font `largesymbols' in version `boldrm'
(Font)                  OMX/jkp/m/n --> OMX/jkp/bx/n on input line 625.
LaTeX Font Info:    Overwriting symbol font `largesymbols' in version `sf'
(Font)                  OMX/jkp/m/n --> OMX/jkpss/m/n on input line 626.
LaTeX Font Info:    Overwriting symbol font `largesymbols' in version `boldsf'
(Font)                  OMX/jkp/m/n --> OMX/jkpss/bx/n on input line 627.
\symlargesymbolsA=\mathgroup8
LaTeX Font Info:    Overwriting symbol font `largesymbolsA' in version `bold'
(Font)                  U/jkpexa/m/n --> U/jkpexa/bx/n on input line 638.
LaTeX Font Info:    Overwriting symbol font `largesymbolsA' in version `rm'
(Font)                  U/jkpexa/m/n --> U/jkpexa/m/n on input line 640.
LaTeX Font Info:    Overwriting symbol font `largesymbolsA' in version `boldrm'

(Font)                  U/jkpexa/m/n --> U/jkpexa/bx/n on input line 641.
LaTeX Font Info:    Overwriting symbol font `largesymbolsA' in version `sf'
(Font)                  U/jkpexa/m/n --> U/jkpexa/m/n on input line 642.
LaTeX Font Info:    Overwriting symbol font `largesymbolsA' in version `boldsf'

(Font)                  U/jkpexa/m/n --> U/jkpexa/bx/n on input line 643.
LaTeX Font Info:    Redeclaring math symbol \hbar on input line 963.
LaTeX Info: Redefining \not on input line 1603.
)
(C:\Users\Ext.Sandor.Heroczi\AppData\Local\Programs\MiKTeX\tex/latex/changepage
\changepage.sty
Package: changepage 2009/10/20 v1.0c check page and change page layout
\c@cp@cntr=\count288
\cp@tempcnt=\count289
)
(C:\Users\Ext.Sandor.Heroczi\AppData\Local\Programs\MiKTeX\tex/latex/xcolor\xco
lor.sty
Package: xcolor 2024/09/29 v3.02 LaTeX color extensions (UK)

(C:\Users\Ext.Sandor.Heroczi\AppData\Local\Programs\MiKTeX\tex/latex/graphics-c
fg\color.cfg
File: color.cfg 2016/01/02 v1.6 sample color configuration
)
Package xcolor Info: Driver file: pdftex.def on input line 274.

(C:\Users\Ext.Sandor.Heroczi\AppData\Local\Programs\MiKTeX\tex/latex/graphics-d
ef\pdftex.def
File: pdftex.def 2024/04/13 v1.2c Graphics/color driver for pdftex
)
(C:\Users\Ext.Sandor.Heroczi\AppData\Local\Programs\MiKTeX\tex/latex/graphics\m
athcolor.ltx)
Package xcolor Info: Model `cmy' substituted by `cmy0' on input line 1349.
Package xcolor Info: Model `hsb' substituted by `rgb' on input line 1353.
Package xcolor Info: Model `RGB' extended on input line 1365.
Package xcolor Info: Model `HTML' substituted by `rgb' on input line 1367.
Package xcolor Info: Model `Hsb' substituted by `hsb' on input line 1368.
Package xcolor Info: Model `tHsb' substituted by `hsb' on input line 1369.
Package xcolor Info: Model `HSB' substituted by `hsb' on input line 1370.
Package xcolor Info: Model `Gray' substituted by `gray' on input line 1371.
Package xcolor Info: Model `wave' substituted by `hsb' on input line 1372.
)
(C:\Users\Ext.Sandor.Heroczi\AppData\Local\Programs\MiKTeX\tex/latex/pgf/fronte
ndlayer\tikz.sty
(C:\Users\Ext.Sandor.Heroczi\AppData\Local\Programs\MiKTeX\tex/latex/pgf/basicl
ayer\pgf.sty
(C:\Users\Ext.Sandor.Heroczi\AppData\Local\Programs\MiKTeX\tex/latex/pgf/utilit
ies\pgfrcs.sty
(C:\Users\Ext.Sandor.Heroczi\AppData\Local\Programs\MiKTeX\tex/generic/pgf/util
ities\pgfutil-common.tex
\pgfutil@everybye=\toks22
\pgfutil@tempdima=\dimen152
\pgfutil@tempdimb=\dimen153
)
(C:\Users\Ext.Sandor.Heroczi\AppData\Local\Programs\MiKTeX\tex/generic/pgf/util
ities\pgfutil-latex.def
\pgfutil@abb=\box54
)
(C:\Users\Ext.Sandor.Heroczi\AppData\Local\Programs\MiKTeX\tex/generic/pgf/util
ities\pgfrcs.code.tex
(C:\Users\Ext.Sandor.Heroczi\AppData\Local\Programs\MiKTeX\tex/generic/pgf\pgf.
revision.tex)
Package: pgfrcs 2023-01-15 v3.1.10 (3.1.10)
))
Package: pgf 2023-01-15 v3.1.10 (3.1.10)

(C:\Users\Ext.Sandor.Heroczi\AppData\Local\Programs\MiKTeX\tex/latex/pgf/basicl
ayer\pgfcore.sty
(C:\Users\Ext.Sandor.Heroczi\AppData\Local\Programs\MiKTeX\tex/latex/graphics\g
raphicx.sty
Package: graphicx 2021/09/16 v1.2d Enhanced LaTeX Graphics (DPC,SPQR)

(C:\Users\Ext.Sandor.Heroczi\AppData\Local\Programs\MiKTeX\tex/latex/graphics\k
eyval.sty
Package: keyval 2022/05/29 v1.15 key=value parser (DPC)
\KV@toks@=\toks23
)
(C:\Users\Ext.Sandor.Heroczi\AppData\Local\Programs\MiKTeX\tex/latex/graphics\g
raphics.sty
Package: graphics 2024/05/23 v1.4g Standard LaTeX Graphics (DPC,SPQR)

(C:\Users\Ext.Sandor.Heroczi\AppData\Local\Programs\MiKTeX\tex/latex/graphics\t
rig.sty
Package: trig 2023/12/02 v1.11 sin cos tan (DPC)
)
(C:\Users\Ext.Sandor.Heroczi\AppData\Local\Programs\MiKTeX\tex/latex/graphics-c
fg\graphics.cfg
File: graphics.cfg 2016/06/04 v1.11 sample graphics configuration
)
Package graphics Info: Driver file: pdftex.def on input line 106.
)
\Gin@req@height=\dimen154
\Gin@req@width=\dimen155
)
(C:\Users\Ext.Sandor.Heroczi\AppData\Local\Programs\MiKTeX\tex/latex/pgf/system
layer\pgfsys.sty
(C:\Users\Ext.Sandor.Heroczi\AppData\Local\Programs\MiKTeX\tex/generic/pgf/syst
emlayer\pgfsys.code.tex
Package: pgfsys 2023-01-15 v3.1.10 (3.1.10)

(C:\Users\Ext.Sandor.Heroczi\AppData\Local\Programs\MiKTeX\tex/generic/pgf/util
ities\pgfkeys.code.tex
\pgfkeys@pathtoks=\toks24
\pgfkeys@temptoks=\toks25

(C:\Users\Ext.Sandor.Heroczi\AppData\Local\Programs\MiKTeX\tex/generic/pgf/util
ities\pgfkeyslibraryfiltered.code.tex
\pgfkeys@tmptoks=\toks26
))
\pgf@x=\dimen156
\pgf@y=\dimen157
\pgf@xa=\dimen158
\pgf@ya=\dimen159
\pgf@xb=\dimen160
\pgf@yb=\dimen161
\pgf@xc=\dimen162
\pgf@yc=\dimen163
\pgf@xd=\dimen164
\pgf@yd=\dimen165
\w@pgf@writea=\write3
\r@pgf@reada=\read3
\c@pgf@counta=\count290
\c@pgf@countb=\count291
\c@pgf@countc=\count292
\c@pgf@countd=\count293
\t@pgf@toka=\toks27
\t@pgf@tokb=\toks28
\t@pgf@tokc=\toks29
\pgf@sys@id@count=\count294

(C:\Users\Ext.Sandor.Heroczi\AppData\Local\Programs\MiKTeX\tex/generic/pgf/syst
emlayer\pgf.cfg
File: pgf.cfg 2023-01-15 v3.1.10 (3.1.10)
)
Driver file for pgf: pgfsys-pdftex.def

(C:\Users\Ext.Sandor.Heroczi\AppData\Local\Programs\MiKTeX\tex/generic/pgf/syst
emlayer\pgfsys-pdftex.def
File: pgfsys-pdftex.def 2023-01-15 v3.1.10 (3.1.10)

(C:\Users\Ext.Sandor.Heroczi\AppData\Local\Programs\MiKTeX\tex/generic/pgf/syst
emlayer\pgfsys-common-pdf.def
File: pgfsys-common-pdf.def 2023-01-15 v3.1.10 (3.1.10)
)))
(C:\Users\Ext.Sandor.Heroczi\AppData\Local\Programs\MiKTeX\tex/generic/pgf/syst
emlayer\pgfsyssoftpath.code.tex
File: pgfsyssoftpath.code.tex 2023-01-15 v3.1.10 (3.1.10)
\pgfsyssoftpath@smallbuffer@items=\count295
\pgfsyssoftpath@bigbuffer@items=\count296
)
(C:\Users\Ext.Sandor.Heroczi\AppData\Local\Programs\MiKTeX\tex/generic/pgf/syst
emlayer\pgfsysprotocol.code.tex
File: pgfsysprotocol.code.tex 2023-01-15 v3.1.10 (3.1.10)
))
(C:\Users\Ext.Sandor.Heroczi\AppData\Local\Programs\MiKTeX\tex/generic/pgf/basi
clayer\pgfcore.code.tex
Package: pgfcore 2023-01-15 v3.1.10 (3.1.10)

(C:\Users\Ext.Sandor.Heroczi\AppData\Local\Programs\MiKTeX\tex/generic/pgf/math
\pgfmath.code.tex
(C:\Users\Ext.Sandor.Heroczi\AppData\Local\Programs\MiKTeX\tex/generic/pgf/math
\pgfmathutil.code.tex)
(C:\Users\Ext.Sandor.Heroczi\AppData\Local\Programs\MiKTeX\tex/generic/pgf/math
\pgfmathparser.code.tex
\pgfmath@dimen=\dimen166
\pgfmath@count=\count297
\pgfmath@box=\box55
\pgfmath@toks=\toks30
\pgfmath@stack@operand=\toks31
\pgfmath@stack@operation=\toks32
)
(C:\Users\Ext.Sandor.Heroczi\AppData\Local\Programs\MiKTeX\tex/generic/pgf/math
\pgfmathfunctions.code.tex)
(C:\Users\Ext.Sandor.Heroczi\AppData\Local\Programs\MiKTeX\tex/generic/pgf/math
\pgfmathfunctions.basic.code.tex)
(C:\Users\Ext.Sandor.Heroczi\AppData\Local\Programs\MiKTeX\tex/generic/pgf/math
\pgfmathfunctions.trigonometric.code.tex)
(C:\Users\Ext.Sandor.Heroczi\AppData\Local\Programs\MiKTeX\tex/generic/pgf/math
\pgfmathfunctions.random.code.tex)
(C:\Users\Ext.Sandor.Heroczi\AppData\Local\Programs\MiKTeX\tex/generic/pgf/math
\pgfmathfunctions.comparison.code.tex)
(C:\Users\Ext.Sandor.Heroczi\AppData\Local\Programs\MiKTeX\tex/generic/pgf/math
\pgfmathfunctions.base.code.tex)
(C:\Users\Ext.Sandor.Heroczi\AppData\Local\Programs\MiKTeX\tex/generic/pgf/math
\pgfmathfunctions.round.code.tex)
(C:\Users\Ext.Sandor.Heroczi\AppData\Local\Programs\MiKTeX\tex/generic/pgf/math
\pgfmathfunctions.misc.code.tex)
(C:\Users\Ext.Sandor.Heroczi\AppData\Local\Programs\MiKTeX\tex/generic/pgf/math
\pgfmathfunctions.integerarithmetics.code.tex)
(C:\Users\Ext.Sandor.Heroczi\AppData\Local\Programs\MiKTeX\tex/generic/pgf/math
\pgfmathcalc.code.tex)
(C:\Users\Ext.Sandor.Heroczi\AppData\Local\Programs\MiKTeX\tex/generic/pgf/math
\pgfmathfloat.code.tex
\c@pgfmathroundto@lastzeros=\count298
))
(C:\Users\Ext.Sandor.Heroczi\AppData\Local\Programs\MiKTeX\tex/generic/pgf/math
\pgfint.code.tex)
(C:\Users\Ext.Sandor.Heroczi\AppData\Local\Programs\MiKTeX\tex/generic/pgf/basi
clayer\pgfcorepoints.code.tex
File: pgfcorepoints.code.tex 2023-01-15 v3.1.10 (3.1.10)
\pgf@picminx=\dimen167
\pgf@picmaxx=\dimen168
\pgf@picminy=\dimen169
\pgf@picmaxy=\dimen170
\pgf@pathminx=\dimen171
\pgf@pathmaxx=\dimen172
\pgf@pathminy=\dimen173
\pgf@pathmaxy=\dimen174
\pgf@xx=\dimen175
\pgf@xy=\dimen176
\pgf@yx=\dimen177
\pgf@yy=\dimen178
\pgf@zx=\dimen179
\pgf@zy=\dimen180
)
(C:\Users\Ext.Sandor.Heroczi\AppData\Local\Programs\MiKTeX\tex/generic/pgf/basi
clayer\pgfcorepathconstruct.code.tex
File: pgfcorepathconstruct.code.tex 2023-01-15 v3.1.10 (3.1.10)
\pgf@path@lastx=\dimen181
\pgf@path@lasty=\dimen182
)
(C:\Users\Ext.Sandor.Heroczi\AppData\Local\Programs\MiKTeX\tex/generic/pgf/basi
clayer\pgfcorepathusage.code.tex
File: pgfcorepathusage.code.tex 2023-01-15 v3.1.10 (3.1.10)
\pgf@shorten@end@additional=\dimen183
\pgf@shorten@start@additional=\dimen184
)
(C:\Users\Ext.Sandor.Heroczi\AppData\Local\Programs\MiKTeX\tex/generic/pgf/basi
clayer\pgfcorescopes.code.tex
File: pgfcorescopes.code.tex 2023-01-15 v3.1.10 (3.1.10)
\pgfpic=\box56
\pgf@hbox=\box57
\pgf@layerbox@main=\box58
\pgf@picture@serial@count=\count299
)
(C:\Users\Ext.Sandor.Heroczi\AppData\Local\Programs\MiKTeX\tex/generic/pgf/basi
clayer\pgfcoregraphicstate.code.tex
File: pgfcoregraphicstate.code.tex 2023-01-15 v3.1.10 (3.1.10)
\pgflinewidth=\dimen185
)
(C:\Users\Ext.Sandor.Heroczi\AppData\Local\Programs\MiKTeX\tex/generic/pgf/basi
clayer\pgfcoretransformations.code.tex
File: pgfcoretransformations.code.tex 2023-01-15 v3.1.10 (3.1.10)
\pgf@pt@x=\dimen186
\pgf@pt@y=\dimen187
\pgf@pt@temp=\dimen188
)
(C:\Users\Ext.Sandor.Heroczi\AppData\Local\Programs\MiKTeX\tex/generic/pgf/basi
clayer\pgfcorequick.code.tex
File: pgfcorequick.code.tex 2023-01-15 v3.1.10 (3.1.10)
)
(C:\Users\Ext.Sandor.Heroczi\AppData\Local\Programs\MiKTeX\tex/generic/pgf/basi
clayer\pgfcoreobjects.code.tex
File: pgfcoreobjects.code.tex 2023-01-15 v3.1.10 (3.1.10)
)
(C:\Users\Ext.Sandor.Heroczi\AppData\Local\Programs\MiKTeX\tex/generic/pgf/basi
clayer\pgfcorepathprocessing.code.tex
File: pgfcorepathprocessing.code.tex 2023-01-15 v3.1.10 (3.1.10)
)
(C:\Users\Ext.Sandor.Heroczi\AppData\Local\Programs\MiKTeX\tex/generic/pgf/basi
clayer\pgfcorearrows.code.tex
File: pgfcorearrows.code.tex 2023-01-15 v3.1.10 (3.1.10)
\pgfarrowsep=\dimen189
)
(C:\Users\Ext.Sandor.Heroczi\AppData\Local\Programs\MiKTeX\tex/generic/pgf/basi
clayer\pgfcoreshade.code.tex
File: pgfcoreshade.code.tex 2023-01-15 v3.1.10 (3.1.10)
\pgf@max=\dimen190
\pgf@sys@shading@range@num=\count300
\pgf@shadingcount=\count301
)
(C:\Users\Ext.Sandor.Heroczi\AppData\Local\Programs\MiKTeX\tex/generic/pgf/basi
clayer\pgfcoreimage.code.tex
File: pgfcoreimage.code.tex 2023-01-15 v3.1.10 (3.1.10)
)
(C:\Users\Ext.Sandor.Heroczi\AppData\Local\Programs\MiKTeX\tex/generic/pgf/basi
clayer\pgfcoreexternal.code.tex
File: pgfcoreexternal.code.tex 2023-01-15 v3.1.10 (3.1.10)
\pgfexternal@startupbox=\box59
)
(C:\Users\Ext.Sandor.Heroczi\AppData\Local\Programs\MiKTeX\tex/generic/pgf/basi
clayer\pgfcorelayers.code.tex
File: pgfcorelayers.code.tex 2023-01-15 v3.1.10 (3.1.10)
)
(C:\Users\Ext.Sandor.Heroczi\AppData\Local\Programs\MiKTeX\tex/generic/pgf/basi
clayer\pgfcoretransparency.code.tex
File: pgfcoretransparency.code.tex 2023-01-15 v3.1.10 (3.1.10)
)
(C:\Users\Ext.Sandor.Heroczi\AppData\Local\Programs\MiKTeX\tex/generic/pgf/basi
clayer\pgfcorepatterns.code.tex
File: pgfcorepatterns.code.tex 2023-01-15 v3.1.10 (3.1.10)
)
(C:\Users\Ext.Sandor.Heroczi\AppData\Local\Programs\MiKTeX\tex/generic/pgf/basi
clayer\pgfcorerdf.code.tex
File: pgfcorerdf.code.tex 2023-01-15 v3.1.10 (3.1.10)
)))
(C:\Users\Ext.Sandor.Heroczi\AppData\Local\Programs\MiKTeX\tex/generic/pgf/modu
les\pgfmoduleshapes.code.tex
File: pgfmoduleshapes.code.tex 2023-01-15 v3.1.10 (3.1.10)
\pgfnodeparttextbox=\box60
)
(C:\Users\Ext.Sandor.Heroczi\AppData\Local\Programs\MiKTeX\tex/generic/pgf/modu
les\pgfmoduleplot.code.tex
File: pgfmoduleplot.code.tex 2023-01-15 v3.1.10 (3.1.10)
)
(C:\Users\Ext.Sandor.Heroczi\AppData\Local\Programs\MiKTeX\tex/latex/pgf/compat
ibility\pgfcomp-version-0-65.sty
Package: pgfcomp-version-0-65 2023-01-15 v3.1.10 (3.1.10)
\pgf@nodesepstart=\dimen191
\pgf@nodesepend=\dimen192
)
(C:\Users\Ext.Sandor.Heroczi\AppData\Local\Programs\MiKTeX\tex/latex/pgf/compat
ibility\pgfcomp-version-1-18.sty
Package: pgfcomp-version-1-18 2023-01-15 v3.1.10 (3.1.10)
))
(C:\Users\Ext.Sandor.Heroczi\AppData\Local\Programs\MiKTeX\tex/latex/pgf/utilit
ies\pgffor.sty
(C:\Users\Ext.Sandor.Heroczi\AppData\Local\Programs\MiKTeX\tex/latex/pgf/utilit
ies\pgfkeys.sty
(C:\Users\Ext.Sandor.Heroczi\AppData\Local\Programs\MiKTeX\tex/generic/pgf/util
ities\pgfkeys.code.tex))
(C:\Users\Ext.Sandor.Heroczi\AppData\Local\Programs\MiKTeX\tex/latex/pgf/math\p
gfmath.sty
(C:\Users\Ext.Sandor.Heroczi\AppData\Local\Programs\MiKTeX\tex/generic/pgf/math
\pgfmath.code.tex))
(C:\Users\Ext.Sandor.Heroczi\AppData\Local\Programs\MiKTeX\tex/generic/pgf/util
ities\pgffor.code.tex
Package: pgffor 2023-01-15 v3.1.10 (3.1.10)
\pgffor@iter=\dimen193
\pgffor@skip=\dimen194
\pgffor@stack=\toks33
\pgffor@toks=\toks34
))
(C:\Users\Ext.Sandor.Heroczi\AppData\Local\Programs\MiKTeX\tex/generic/pgf/fron
tendlayer/tikz\tikz.code.tex
Package: tikz 2023-01-15 v3.1.10 (3.1.10)

(C:\Users\Ext.Sandor.Heroczi\AppData\Local\Programs\MiKTeX\tex/generic/pgf/libr
aries\pgflibraryplothandlers.code.tex
File: pgflibraryplothandlers.code.tex 2023-01-15 v3.1.10 (3.1.10)
\pgf@plot@mark@count=\count302
\pgfplotmarksize=\dimen195
)
\tikz@lastx=\dimen196
\tikz@lasty=\dimen197
\tikz@lastxsaved=\dimen198
\tikz@lastysaved=\dimen199
\tikz@lastmovetox=\dimen256
\tikz@lastmovetoy=\dimen257
\tikzleveldistance=\dimen258
\tikzsiblingdistance=\dimen259
\tikz@figbox=\box61
\tikz@figbox@bg=\box62
\tikz@tempbox=\box63
\tikz@tempbox@bg=\box64
\tikztreelevel=\count303
\tikznumberofchildren=\count304
\tikznumberofcurrentchild=\count305
\tikz@fig@count=\count306

(C:\Users\Ext.Sandor.Heroczi\AppData\Local\Programs\MiKTeX\tex/generic/pgf/modu
les\pgfmodulematrix.code.tex
File: pgfmodulematrix.code.tex 2023-01-15 v3.1.10 (3.1.10)
\pgfmatrixcurrentrow=\count307
\pgfmatrixcurrentcolumn=\count308
\pgf@matrix@numberofcolumns=\count309
)
\tikz@expandcount=\count310

(C:\Users\Ext.Sandor.Heroczi\AppData\Local\Programs\MiKTeX\tex/generic/pgf/fron
tendlayer/tikz/libraries\tikzlibrarytopaths.code.tex
File: tikzlibrarytopaths.code.tex 2023-01-15 v3.1.10 (3.1.10)
)))
(C:\Users\Ext.Sandor.Heroczi\AppData\Local\Programs\MiKTeX\tex/latex/wrapfig\wr
apfig.sty
\wrapoverhang=\dimen260
\WF@size=\dimen261
\c@WF@wrappedlines=\count311
\WF@box=\box65
\WF@everypar=\toks35
Package: wrapfig 2003/01/31  v 3.6
)
(C:\Users\Ext.Sandor.Heroczi\AppData\Local\Programs\MiKTeX\tex/latex/hyperref\h
yperref.sty
Package: hyperref 2024-07-10 v7.01j Hypertext links for LaTeX

(C:\Users\Ext.Sandor.Heroczi\AppData\Local\Programs\MiKTeX\tex/latex/kvsetkeys\
kvsetkeys.sty
Package: kvsetkeys 2022-10-05 v1.19 Key value parser (HO)
)
(C:\Users\Ext.Sandor.Heroczi\AppData\Local\Programs\MiKTeX\tex/generic/kvdefine
keys\kvdefinekeys.sty
Package: kvdefinekeys 2019-12-19 v1.6 Define keys (HO)
)
(C:\Users\Ext.Sandor.Heroczi\AppData\Local\Programs\MiKTeX\tex/generic/pdfescap
e\pdfescape.sty
Package: pdfescape 2019/12/09 v1.15 Implements pdfTeX's escape features (HO)

(C:\Users\Ext.Sandor.Heroczi\AppData\Local\Programs\MiKTeX\tex/generic/ltxcmds\
ltxcmds.sty
Package: ltxcmds 2023-12-04 v1.26 LaTeX kernel commands for general use (HO)
)
(C:\Users\Ext.Sandor.Heroczi\AppData\Local\Programs\MiKTeX\tex/generic/pdftexcm
ds\pdftexcmds.sty
Package: pdftexcmds 2020-06-27 v0.33 Utility functions of pdfTeX for LuaTeX (HO
)

(C:\Users\Ext.Sandor.Heroczi\AppData\Local\Programs\MiKTeX\tex/generic/infwarer
r\infwarerr.sty
Package: infwarerr 2019/12/03 v1.5 Providing info/warning/error messages (HO)
)
Package pdftexcmds Info: \pdf@primitive is available.
Package pdftexcmds Info: \pdf@ifprimitive is available.
Package pdftexcmds Info: \pdfdraftmode found.
))
(C:\Users\Ext.Sandor.Heroczi\AppData\Local\Programs\MiKTeX\tex/latex/hycolor\hy
color.sty
Package: hycolor 2020-01-27 v1.10 Color options for hyperref/bookmark (HO)
)
(C:\Users\Ext.Sandor.Heroczi\AppData\Local\Programs\MiKTeX\tex/latex/hyperref\n
ameref.sty
Package: nameref 2023-11-26 v2.56 Cross-referencing by name of section

(C:\Users\Ext.Sandor.Heroczi\AppData\Local\Programs\MiKTeX\tex/latex/refcount\r
efcount.sty
Package: refcount 2019/12/15 v3.6 Data extraction from label references (HO)
)
(C:\Users\Ext.Sandor.Heroczi\AppData\Local\Programs\MiKTeX\tex/generic/gettitle
string\gettitlestring.sty
Package: gettitlestring 2019/12/15 v1.6 Cleanup title references (HO)

(C:\Users\Ext.Sandor.Heroczi\AppData\Local\Programs\MiKTeX\tex/latex/kvoptions\
kvoptions.sty
Package: kvoptions 2022-06-15 v3.15 Key value format for package options (HO)
))
\c@section@level=\count312
)
(C:\Users\Ext.Sandor.Heroczi\AppData\Local\Programs\MiKTeX\tex/latex/etoolbox\e
toolbox.sty
Package: etoolbox 2020/10/05 v2.5k e-TeX tools for LaTeX (JAW)
\etb@tempcnta=\count313
)
(C:\Users\Ext.Sandor.Heroczi\AppData\Local\Programs\MiKTeX\tex/generic/stringen
c\stringenc.sty
Package: stringenc 2019/11/29 v1.12 Convert strings between diff. encodings (HO
)
)
\@linkdim=\dimen262
\Hy@linkcounter=\count314
\Hy@pagecounter=\count315

(C:\Users\Ext.Sandor.Heroczi\AppData\Local\Programs\MiKTeX\tex/latex/hyperref\p
d1enc.def
File: pd1enc.def 2024-07-10 v7.01j Hyperref: PDFDocEncoding definition (HO)
Now handling font encoding PD1 ...
... no UTF-8 mapping file for font encoding PD1
)
(C:\Users\Ext.Sandor.Heroczi\AppData\Local\Programs\MiKTeX\tex/generic/intcalc\
intcalc.sty
Package: intcalc 2019/12/15 v1.3 Expandable calculations with integers (HO)
)
\Hy@SavedSpaceFactor=\count316

(C:\Users\Ext.Sandor.Heroczi\AppData\Local\Programs\MiKTeX\tex/latex/hyperref\p
uenc.def
File: puenc.def 2024-07-10 v7.01j Hyperref: PDF Unicode definition (HO)
Now handling font encoding PU ...
... no UTF-8 mapping file for font encoding PU
)
Package hyperref Info: Hyper figures OFF on input line 4157.
Package hyperref Info: Link nesting OFF on input line 4162.
Package hyperref Info: Hyper index ON on input line 4165.
Package hyperref Info: Plain pages OFF on input line 4172.
Package hyperref Info: Backreferencing OFF on input line 4177.
Package hyperref Info: Implicit mode ON; LaTeX internals redefined.
Package hyperref Info: Bookmarks ON on input line 4424.
\c@Hy@tempcnt=\count317

(C:\Users\Ext.Sandor.Heroczi\AppData\Local\Programs\MiKTeX\tex/latex/url\url.st
y
\Urlmuskip=\muskip18
Package: url 2013/09/16  ver 3.4  Verb mode for urls, etc.
)
LaTeX Info: Redefining \url on input line 4763.
\XeTeXLinkMargin=\dimen263

(C:\Users\Ext.Sandor.Heroczi\AppData\Local\Programs\MiKTeX\tex/generic/bitset\b
itset.sty
Package: bitset 2019/12/09 v1.3 Handle bit-vector datatype (HO)

(C:\Users\Ext.Sandor.Heroczi\AppData\Local\Programs\MiKTeX\tex/generic/bigintca
lc\bigintcalc.sty
Package: bigintcalc 2019/12/15 v1.5 Expandable calculations on big integers (HO
)
))
\Fld@menulength=\count318
\Field@Width=\dimen264
\Fld@charsize=\dimen265
Package hyperref Info: Hyper figures OFF on input line 6042.
Package hyperref Info: Link nesting OFF on input line 6047.
Package hyperref Info: Hyper index ON on input line 6050.
Package hyperref Info: backreferencing OFF on input line 6057.
Package hyperref Info: Link coloring OFF on input line 6062.
Package hyperref Info: Link coloring with OCG OFF on input line 6067.
Package hyperref Info: PDF/A mode OFF on input line 6072.

(C:\Users\Ext.Sandor.Heroczi\AppData\Local\Programs\MiKTeX\tex/latex/base\atbeg
shi-ltx.sty
Package: atbegshi-ltx 2021/01/10 v1.0c Emulation of the original atbegshi
package with kernel methods
)
\Hy@abspage=\count319
\c@Item=\count320
\c@Hfootnote=\count321
)
Package hyperref Info: Driver (autodetected): hpdftex.

(C:\Users\Ext.Sandor.Heroczi\AppData\Local\Programs\MiKTeX\tex/latex/hyperref\h
pdftex.def
File: hpdftex.def 2024-07-10 v7.01j Hyperref driver for pdfTeX

(C:\Users\Ext.Sandor.Heroczi\AppData\Local\Programs\MiKTeX\tex/latex/base\atver
yend-ltx.sty
Package: atveryend-ltx 2020/08/19 v1.0a Emulation of the original atveryend pac
kage
with kernel methods
)
\Fld@listcount=\count322
\c@bookmark@seq@number=\count323

(C:\Users\Ext.Sandor.Heroczi\AppData\Local\Programs\MiKTeX\tex/latex/rerunfilec
heck\rerunfilecheck.sty
Package: rerunfilecheck 2022-07-10 v1.10 Rerun checks for auxiliary files (HO)

(C:\Users\Ext.Sandor.Heroczi\AppData\Local\Programs\MiKTeX\tex/generic/uniqueco
unter\uniquecounter.sty
Package: uniquecounter 2019/12/15 v1.4 Provide unlimited unique counter (HO)
)
Package uniquecounter Info: New unique counter `rerunfilecheck' on input line 2
85.
)
\Hy@SectionHShift=\skip54
)
(C:\Users\Ext.Sandor.Heroczi\AppData\Local\Programs\MiKTeX\tex/latex/fancyhdr\f
ancyhdr.sty
Package: fancyhdr 2024/07/23 v4.3.1 Extensive control of page headers and foote
rs
\f@nch@headwidth=\skip55
\f@nch@O@elh=\skip56
\f@nch@O@erh=\skip57
\f@nch@O@olh=\skip58
\f@nch@O@orh=\skip59
\f@nch@O@elf=\skip60
\f@nch@O@erf=\skip61
\f@nch@O@olf=\skip62
\f@nch@O@orf=\skip63
)
(C:\Users\Ext.Sandor.Heroczi\AppData\Local\Programs\MiKTeX\tex/latex/anyfontsiz
e\anyfontsize.sty
Package: anyfontsize 2007/11/22 anyfontsize.sty by pts
)
(C:\Users\Ext.Sandor.Heroczi\AppData\Local\Programs\MiKTeX\tex/latex/lettrine\l
ettrine.sty
File: lettrine.sty 2024-06-26 v2.61 (Daniel Flipo)

(C:\Users\Ext.Sandor.Heroczi\AppData\Local\Programs\MiKTeX\tex/latex/l3packages
/xfp\xfp.sty
(C:\Users\Ext.Sandor.Heroczi\AppData\Local\Programs\MiKTeX\tex/latex/l3kernel\e
xpl3.sty
Package: expl3 2024-09-10 L3 programming layer (loader) 

(C:\Users\Ext.Sandor.Heroczi\AppData\Local\Programs\MiKTeX\tex/latex/l3backend\
l3backend-pdftex.def
File: l3backend-pdftex.def 2024-05-08 L3 backend support: PDF output (pdfTeX)
\l__color_backend_stack_int=\count324
\l__pdf_internal_box=\box66
))
Package: xfp 2024-08-16 L3 Floating point unit
)
\c@DefaultLines=\count325
\c@DefaultDepth=\count326
\DefaultFindent=\dimen266
\DefaultNindent=\dimen267
\DefaultSlope=\dimen268
\DiscardVskip=\dimen269
\L@lettrine=\box67
\L@lbox=\box68
\L@tbox=\box69
\c@L@lines=\count327
\c@L@depth=\count328
\L@Pindent=\dimen270
\L@Findent=\dimen271
\L@Nindent=\dimen272
\L@lraise=\dimen273
\L@first=\dimen274
\L@next=\dimen275
\L@slope=\dimen276
\L@height=\dimen277
\L@novskip=\dimen278
\L@ruleht=\dimen279
\L@target@ht=\dimen280
\L@target@dp=\dimen281
\L@target@tht=\dimen282
\LettrineWidth=\dimen283
\LettrineHeight=\dimen284
\LettrineDepth=\dimen285

Loading lettrine.cfg

(C:\Users\Ext.Sandor.Heroczi\AppData\Local\Programs\MiKTeX\tex/latex/lettrine\l
ettrine.cfg)
\Llist@everypar=\toks36
)
(C:\Users\Ext.Sandor.Heroczi\AppData\Local\Programs\MiKTeX\tex/latex/pdfpages\p
dfpages.sty
Package: pdfpages 2024/08/20 v0.6b Insert pages of external PDF documents (AM)

(C:\Users\Ext.Sandor.Heroczi\AppData\Local\Programs\MiKTeX\tex/latex/base\ifthe
n.sty
Package: ifthen 2024/03/16 v1.1e Standard LaTeX ifthen package (DPC)
)
(C:\Users\Ext.Sandor.Heroczi\AppData\Local\Programs\MiKTeX\tex/latex/tools\calc
.sty
Package: calc 2023/07/08 v4.3 Infix arithmetic (KKT,FJ)
\calc@Acount=\count329
\calc@Bcount=\count330
\calc@Adimen=\dimen286
\calc@Bdimen=\dimen287
\calc@Askip=\skip64
\calc@Bskip=\skip65
LaTeX Info: Redefining \setlength on input line 80.
LaTeX Info: Redefining \addtolength on input line 81.
\calc@Ccount=\count331
\calc@Cskip=\skip66
)
(C:\Users\Ext.Sandor.Heroczi\AppData\Local\Programs\MiKTeX\tex/latex/eso-pic\es
o-pic.sty
Package: eso-pic 2023/05/03 v3.0c eso-pic (RN)
\ESO@tempdima=\dimen288
\ESO@tempdimb=\dimen289
)
\AM@pagewidth=\dimen290
\AM@pageheight=\dimen291
\AM@fboxrule=\dimen292

(C:\Users\Ext.Sandor.Heroczi\AppData\Local\Programs\MiKTeX\tex/latex/pdfpages\p
ppdftex.def
File: pppdftex.def 2024/08/20 v0.6b Pdfpages driver for pdfTeX (AM)
)
\pdfpages@includegraphics@status=\count332
\AM@pagebox=\box70
\AM@global@opts=\toks37
\AM@pagecnt=\count333
\AM@toc@title=\toks38
\AM@lof@heading=\toks39
\c@AM@survey=\count334
\AM@templatesizebox=\box71
)
(C:\Users\Ext.Sandor.Heroczi\AppData\Local\Programs\MiKTeX\tex/latex/listings\l
istings.sty
\lst@mode=\count335
\lst@gtempboxa=\box72
\lst@token=\toks40
\lst@length=\count336
\lst@currlwidth=\dimen293
\lst@column=\count337
\lst@pos=\count338
\lst@lostspace=\dimen294
\lst@width=\dimen295
\lst@newlines=\count339
\lst@lineno=\count340
\lst@maxwidth=\dimen296

(C:\Users\Ext.Sandor.Heroczi\AppData\Local\Programs\MiKTeX\tex/latex/listings\l
stpatch.sty
File: lstpatch.sty 2024/09/23 1.10c (Carsten Heinz)
)
(C:\Users\Ext.Sandor.Heroczi\AppData\Local\Programs\MiKTeX\tex/latex/listings\l
stmisc.sty
File: lstmisc.sty 2024/09/23 1.10c (Carsten Heinz)
\c@lstnumber=\count341
\lst@skipnumbers=\count342
\lst@framebox=\box73
)
(C:\Users\Ext.Sandor.Heroczi\AppData\Local\Programs\MiKTeX\tex/latex/listings\l
istings.cfg
File: listings.cfg 2024/09/23 1.10c listings configuration
))
Package: listings 2024/09/23 1.10c (Carsten Heinz)

(C:\Users\Ext.Sandor.Heroczi\AppData\Local\Programs\MiKTeX\tex/latex/tcolorbox\
tcolorbox.sty
Package: tcolorbox 2024/09/27 version 6.4.0 text color boxes

(C:\Users\Ext.Sandor.Heroczi\AppData\Local\Programs\MiKTeX\tex/latex/tools\verb
atim.sty
Package: verbatim 2024-01-22 v1.5x LaTeX2e package for verbatim enhancements
\every@verbatim=\toks41
\verbatim@line=\toks42
\verbatim@in@stream=\read4
)
(C:\Users\Ext.Sandor.Heroczi\AppData\Local\Programs\MiKTeX\tex/latex/environ\en
viron.sty
Package: environ 2014/05/04 v0.3 A new way to define environments

(C:\Users\Ext.Sandor.Heroczi\AppData\Local\Programs\MiKTeX\tex/latex/trimspaces
\trimspaces.sty
Package: trimspaces 2009/09/17 v1.1 Trim spaces around a token list
))
\tcb@titlebox=\box74
\tcb@upperbox=\box75
\tcb@lowerbox=\box76
\tcb@phantombox=\box77
\c@tcbbreakpart=\count343
\c@tcblayer=\count344
\c@tcolorbox@number=\count345
\l__tcobox_tmpa_box=\box78
\l__tcobox_tmpa_dim=\dimen297
\tcb@temp=\box79
\tcb@temp=\box80
\tcb@temp=\box81
\tcb@temp=\box82
)
LaTeX Font Info:    Trying to load font information for T1+jkp on input line 51
.

(C:\Users\Ext.Sandor.Heroczi\AppData\Local\Programs\MiKTeX\tex/latex/kpfonts\t1
jkp.fd
File: t1jkp.fd 2007/01/24 Fontinst v1.928 font definitions for T1/jkp.
) (Thesis.aux)
\openout1 = `Thesis.aux'.

LaTeX Font Info:    Checking defaults for OML/jkp/m/it on input line 51.
LaTeX Font Info:    Trying to load font information for OML+jkp on input line 5
1.

(C:\Users\Ext.Sandor.Heroczi\AppData\Local\Programs\MiKTeX\tex/latex/kpfonts\om
ljkp.fd
File: omljkp.fd 2006/08/15 v1.0
)
LaTeX Font Info:    ... okay on input line 51.
LaTeX Font Info:    Checking defaults for OMS/jkp/m/n on input line 51.
LaTeX Font Info:    Trying to load font information for OMS+jkp on input line 5
1.

(C:\Users\Ext.Sandor.Heroczi\AppData\Local\Programs\MiKTeX\tex/latex/kpfonts\om
sjkp.fd
File: omsjkp.fd 2006/08/15 v1.0
)
LaTeX Font Info:    ... okay on input line 51.
LaTeX Font Info:    Checking defaults for OT1/cmr/m/n on input line 51.
LaTeX Font Info:    ... okay on input line 51.
LaTeX Font Info:    Checking defaults for T1/cmr/m/n on input line 51.
LaTeX Font Info:    ... okay on input line 51.
LaTeX Font Info:    Checking defaults for TS1/cmr/m/n on input line 51.
LaTeX Font Info:    ... okay on input line 51.
LaTeX Font Info:    Checking defaults for OMX/jkp/m/n on input line 51.
LaTeX Font Info:    Trying to load font information for OMX+jkp on input line 5
1.

(C:\Users\Ext.Sandor.Heroczi\AppData\Local\Programs\MiKTeX\tex/latex/kpfonts\om
xjkp.fd
File: omxjkp.fd 2006/08/15 v1.0
)
LaTeX Font Info:    ... okay on input line 51.
LaTeX Font Info:    Checking defaults for U/jkpexa/m/n on input line 51.
LaTeX Font Info:    Trying to load font information for U+jkpexa on input line 
51.

(C:\Users\Ext.Sandor.Heroczi\AppData\Local\Programs\MiKTeX\tex/latex/kpfonts\uj
kpexa.fd
File: ujkpexa.fd 2006/08/15 v1.0
)
LaTeX Font Info:    ... okay on input line 51.
LaTeX Font Info:    Checking defaults for PD1/pdf/m/n on input line 51.
LaTeX Font Info:    ... okay on input line 51.
LaTeX Font Info:    Checking defaults for PU/pdf/m/n on input line 51.
LaTeX Font Info:    ... okay on input line 51.

(C:\Users\Ext.Sandor.Heroczi\AppData\Local\Programs\MiKTeX\tex/context/base/mki
i\supp-pdf.mkii
[Loading MPS to PDF converter (version 2006.09.02).]
\scratchcounter=\count346
\scratchdimen=\dimen298
\scratchbox=\box83
\nofMPsegments=\count347
\nofMParguments=\count348
\everyMPshowfont=\toks43
\MPscratchCnt=\count349
\MPscratchDim=\dimen299
\MPnumerator=\count350
\makeMPintoPDFobject=\count351
\everyMPtoPDFconversion=\toks44
)
(C:\Users\Ext.Sandor.Heroczi\AppData\Local\Programs\MiKTeX\tex/latex/epstopdf-p
kg\epstopdf-base.sty
Package: epstopdf-base 2020-01-24 v2.11 Base part for package epstopdf
Package epstopdf-base Info: Redefining graphics rule for `.eps' on input line 4
85.

(C:\Users\Ext.Sandor.Heroczi\AppData\Local\Programs\MiKTeX\tex/latex/00miktex\e
pstopdf-sys.cfg
File: epstopdf-sys.cfg 2021/03/18 v2.0 Configuration of epstopdf for MiKTeX
))
Package hyperref Info: Link coloring OFF on input line 51.
 (Thesis.out) (Thesis.out)
\@outlinefile=\write4
\openout4 = `Thesis.out'.


(C:\Users\Ext.Sandor.Heroczi\AppData\Local\Programs\MiKTeX\tex/latex/pdflscape\
pdflscape.sty
Package: pdflscape 2022-10-27 v0.13 Display of landscape pages in PDF

(C:\Users\Ext.Sandor.Heroczi\AppData\Local\Programs\MiKTeX\tex/latex/pdflscape\
pdflscape-nometadata.sty
Package: pdflscape-nometadata 2022-10-28 v0.13 Display of landscape pages in PD
F (HO)

(C:\Users\Ext.Sandor.Heroczi\AppData\Local\Programs\MiKTeX\tex/latex/graphics\l
scape.sty
Package: lscape 2020/05/28 v3.02 Landscape Pages (DPC)
)
Package pdflscape Info: Auto-detected driver: pdftex on input line 81.
))
\c@lstlisting=\count352

(C:\Users\Ext.Sandor.Heroczi\AppData\Local\Programs\MiKTeX\tex/latex/base\artic
le.cls
LaTeX Info: Redefining \cal on input line 497.
LaTeX Info: Redefining \mit on input line 498.
)

pdfTeX warning: pdflatex.exe (file ./feladatkiiras.pdf): PDF inclusion: found P
DF version <1.7>, but at most version <1.5> allowed
<feladatkiiras.pdf, id=126, 597.432pt x 844.95674pt>
File: feladatkiiras.pdf Graphic file (type pdf)
<use feladatkiiras.pdf>
Package pdftex.def Info: feladatkiiras.pdf  used on input line 53.
(pdftex.def)             Requested size: 597.43054pt x 844.95468pt.


pdfTeX warning: pdflatex.exe (file ./feladatkiiras.pdf): PDF inclusion: found P
DF version <1.7>, but at most version <1.5> allowed
File: feladatkiiras.pdf Graphic file (type pdf)
<use feladatkiiras.pdf>
Package pdftex.def Info: feladatkiiras.pdf  used on input line 53.
(pdftex.def)             Requested size: 597.43054pt x 844.95468pt.


pdfTeX warning: pdflatex.exe (file ./feladatkiiras.pdf): PDF inclusion: found P
DF version <1.7>, but at most version <1.5> allowed


pdfTeX warning: pdflatex.exe (file ./feladatkiiras.pdf): PDF inclusion: found P
DF version <1.7>, but at most version <1.5> allowed
<feladatkiiras.pdf, id=129, page=1, 597.432pt x 844.95674pt>
File: feladatkiiras.pdf Graphic file (type pdf)
<use feladatkiiras.pdf, page 1>
Package pdftex.def Info: feladatkiiras.pdf , page1 used on input line 53.
(pdftex.def)             Requested size: 597.43054pt x 844.95468pt.
File: feladatkiiras.pdf Graphic file (type pdf)
<use feladatkiiras.pdf, page 1>
Package pdftex.def Info: feladatkiiras.pdf , page1 used on input line 53.
(pdftex.def)             Requested size: 597.93192pt x 845.66379pt.
File: feladatkiiras.pdf Graphic file (type pdf)
<use feladatkiiras.pdf, page 1>
Package pdftex.def Info: feladatkiiras.pdf , page1 used on input line 53.
(pdftex.def)             Requested size: 597.93192pt x 845.66379pt.
File: feladatkiiras.pdf Graphic file (type pdf)
<use feladatkiiras.pdf, page 1>
Package pdftex.def Info: feladatkiiras.pdf , page1 used on input line 53.
(pdftex.def)             Requested size: 597.93192pt x 845.66379pt.


File: feladatkiiras.pdf Graphic file (type pdf)
<use feladatkiiras.pdf, page 1>
Package pdftex.def Info: feladatkiiras.pdf , page1 used on input line 53.
(pdftex.def)             Requested size: 597.93192pt x 845.66379pt.
[1



 <./feladatkiiras.pdf>]
<./images/autlogo.png, id=179, 572.89032pt x 221.32687pt>
File: ./images/autlogo.png Graphic file (type png)
<use ./images/autlogo.png>
Package pdftex.def Info: ./images/autlogo.png  used on input line 85.
(pdftex.def)             Requested size: 147.2958pt x 56.9055pt.



pdfTeX warning (ext4): destination with the same identifier (name{page.1}) has 
been already used, duplicate ignored
<to be read again> 
                   \relax 
l.87 \end{titlepage}
                     [1{C:/Users/Ext.Sandor.Heroczi/AppData/Local/MiKTeX/fonts/
map/pdftex/pdftex.map}{C:/Users/Ext.Sandor.Heroczi/AppData/Local/Programs/MiKTe
X/fonts/enc/dvips/base/8r.enc}{C:/Users/Ext.Sandor.Heroczi/AppData/Local/Progra
ms/MiKTeX/fonts/enc/dvips/kpfonts/kpfonts-expert-sc.enc}{C:/Users/Ext.Sandor.He
roczi/AppData/Local/Programs/MiKTeX/fonts/enc/dvips/kpfonts/kpfonts-expert.enc}
 <./images/autlogo.png>]
Underfull \hbox (badness 10000) in paragraph at lines 93--94

 []


Underfull \hbox (badness 10000) in paragraph at lines 95--96

 []


Underfull \hbox (badness 10000) in paragraph at lines 97--98

 []

LaTeX Font Info:    Trying to load font information for OT1+jkp on input line 1
00.

(C:\Users\Ext.Sandor.Heroczi\AppData\Local\Programs\MiKTeX\tex/latex/kpfonts\ot
1jkp.fd
File: ot1jkp.fd 2007/08/30 Fontinst v1.928 font definitions for OT1/jkp.
)
LaTeX Font Info:    Trying to load font information for U+jkpmia on input line 
100.

(C:\Users\Ext.Sandor.Heroczi\AppData\Local\Programs\MiKTeX\tex/latex/kpfonts\uj
kpmia.fd
File: ujkpmia.fd 2006/08/15 v1.0
)
LaTeX Font Info:    Trying to load font information for U+jkpsya on input line 
100.

(C:\Users\Ext.Sandor.Heroczi\AppData\Local\Programs\MiKTeX\tex/latex/kpfonts\uj
kpsya.fd
File: ujkpsya.fd 2006/08/15 v1.0
)
LaTeX Font Info:    Trying to load font information for U+jkpsyb on input line 
100.

(C:\Users\Ext.Sandor.Heroczi\AppData\Local\Programs\MiKTeX\tex/latex/kpfonts\uj
kpsyb.fd
File: ujkpsyb.fd 2006/08/15 v1.0
)
LaTeX Font Info:    Trying to load font information for U+jkpsyc on input line 
100.

(C:\Users\Ext.Sandor.Heroczi\AppData\Local\Programs\MiKTeX\tex/latex/kpfonts\uj
kpsyc.fd
File: ujkpsyc.fd 2006/08/15 v1.0
)


Package fancyhdr Warning: \headheight is too small (12.0pt): 
(fancyhdr)                Make it at least 14.49998pt, for example:
(fancyhdr)                \setlength{\headheight}{14.49998pt}.
(fancyhdr)                You might also make \topmargin smaller to compensate:

(fancyhdr)                \addtolength{\topmargin}{-2.49998pt}.


pdfTeX warning (ext4): destination with the same identifier (name{page.1}) has 
been already used, duplicate ignored
<to be read again> 
                   \relax 
l.106 
       [1]
Underfull \hbox (badness 10000) in paragraph at lines 108--109

 []


Underfull \hbox (badness 10000) in paragraph at lines 110--111

 []


Underfull \hbox (badness 10000) in paragraph at lines 112--113

 []


Underfull \hbox (badness 10000) in paragraph at lines 114--115

 []




Package fancyhdr Warning: \headheight is too small (12.0pt): 
(fancyhdr)                Make it at least 14.49998pt, for example:
(fancyhdr)                \setlength{\headheight}{14.49998pt}.
(fancyhdr)                You might also make \topmargin smaller to compensate:

(fancyhdr)                \addtolength{\topmargin}{-2.49998pt}.

[2]
Underfull \hbox (badness 10000) in paragraph at lines 121--122

 []


Underfull \hbox (badness 10000) in paragraph at lines 123--124

 []


Underfull \hbox (badness 10000) in paragraph at lines 125--126

 []


Underfull \hbox (badness 10000) in paragraph at lines 127--128

 []




Package fancyhdr Warning: \headheight is too small (12.0pt): 
(fancyhdr)                Make it at least 14.49998pt, for example:
(fancyhdr)                \setlength{\headheight}{14.49998pt}.
(fancyhdr)                You might also make \topmargin smaller to compensate:

(fancyhdr)                \addtolength{\topmargin}{-2.49998pt}.

[3] (Thesis.toc)
\tf@toc=\write5
\openout5 = `Thesis.toc'.




Package fancyhdr Warning: \headheight is too small (12.0pt): 
(fancyhdr)                Make it at least 15.01804pt, for example:
(fancyhdr)                \setlength{\headheight}{15.01804pt}.
(fancyhdr)                You might also make \topmargin smaller to compensate:

(fancyhdr)                \addtolength{\topmargin}{-3.01804pt}.

[4]
Package lettrine.sty Info: Targeted height = 34.30399pt
(lettrine.sty)             (for loversize=0, accent excluded),
(lettrine.sty)             Lettrine height = 34.3041pt (E);
(lettrine.sty)             reported on input line 140.

Underfull \hbox (badness 10000) in paragraph at lines 140--141

 []


Underfull \hbox (badness 10000) in paragraph at lines 142--143

 []




Package fancyhdr Warning: \headheight is too small (12.0pt): 
(fancyhdr)                Make it at least 14.49998pt, for example:
(fancyhdr)                \setlength{\headheight}{14.49998pt}.
(fancyhdr)                You might also make \topmargin smaller to compensate:

(fancyhdr)                \addtolength{\topmargin}{-2.49998pt}.

[5]
Underfull \hbox (badness 10000) in paragraph at lines 148--149

 []

<./images/irod_phalanx.jpg, id=246, 266.03043pt x 350.54552pt>
File: ./images/irod_phalanx.jpg Graphic file (type jpg)
<use ./images/irod_phalanx.jpg>
Package pdftex.def Info: ./images/irod_phalanx.jpg  used on input line 153.
(pdftex.def)             Requested size: 166.72333pt x 219.70018pt.

Underfull \hbox (badness 3657) in paragraph at lines 158--159
\T1/jkp/m/n/12 Hi-szen egy-re er-sebb hard-ve-rek-kel
 []


Underfull \hbox (badness 10000) in paragraph at lines 158--159

 []


Underfull \hbox (badness 2744) in paragraph at lines 160--162
[]\T1/jkp/m/n/12 A tech-no-l-gi-t rt-he-t m-don leg-
 []




Package fancyhdr Warning: \headheight is too small (12.0pt): 
(fancyhdr)                Make it at least 14.49998pt, for example:
(fancyhdr)                \setlength{\headheight}{14.49998pt}.
(fancyhdr)                You might also make \topmargin smaller to compensate:

(fancyhdr)                \addtolength{\topmargin}{-2.49998pt}.

[6 <./images/irod_phalanx.jpg>]
Underfull \hbox (badness 10000) in paragraph at lines 165--166

 []


Underfull \hbox (badness 10000) in paragraph at lines 170--171

 []


Underfull \hbox (badness 10000) in paragraph at lines 171--172

 []


Overfull \hbox (2.93068pt too wide) in paragraph at lines 172--173
[]\T1/jkp/b/n/12 Krnyezetrzkenysg: \T1/jkp/m/n/12 Kl-s kr-nye-ze-ti t-n
ye-zk (pl. id-j-rs, aka-
 []


Underfull \hbox (badness 10000) in paragraph at lines 174--175

 []




Package fancyhdr Warning: \headheight is too small (12.0pt): 
(fancyhdr)                Make it at least 14.49998pt, for example:
(fancyhdr)                \setlength{\headheight}{14.49998pt}.
(fancyhdr)                You might also make \topmargin smaller to compensate:

(fancyhdr)                \addtolength{\topmargin}{-2.49998pt}.

[7]
Overfull \hbox (4.9627pt too wide) in paragraph at lines 185--186
[]\T1/jkp/m/n/12 sszegezve \T1/jkp/b/n/12 Egy olyan au-to-ma-ta gp-gy fej-l
esz-t-se s meg-p-t-se, amely
 []


Overfull \hbox (0.15167pt too wide) in paragraph at lines 189--190
\T1/jkp/m/n/12 ta-ts-sal fog-lal-ko-z csa-pa-tok-nak. Eb-bl ki-fo-ly-lag re
--li-san kell lt-ni a hely-
 []


Underfull \hbox (badness 10000) in paragraph at lines 189--190

 []


Underfull \hbox (badness 10000) in paragraph at lines 191--192

 []


Underfull \hbox (badness 10000) in paragraph at lines 193--194

 []


Underfull \hbox (badness 10000) in paragraph at lines 195--196

 []




Package fancyhdr Warning: \headheight is too small (12.0pt): 
(fancyhdr)                Make it at least 14.49998pt, for example:
(fancyhdr)                \setlength{\headheight}{14.49998pt}.
(fancyhdr)                You might also make \topmargin smaller to compensate:

(fancyhdr)                \addtolength{\topmargin}{-2.49998pt}.

[8]
Underfull \hbox (badness 10000) in paragraph at lines 201--202

 []




Package fancyhdr Warning: \headheight is too small (12.0pt): 
(fancyhdr)                Make it at least 14.49998pt, for example:
(fancyhdr)                \setlength{\headheight}{14.49998pt}.
(fancyhdr)                You might also make \topmargin smaller to compensate:

(fancyhdr)                \addtolength{\topmargin}{-2.49998pt}.

[9]
Overfull \hbox (10.24922pt too wide) in paragraph at lines 214--215
\T1/jkp/m/n/12 fegy-ver-rend-szer az ame-ri-kai \T1/jkp/m/sl/12 CROWS \T1/jkp/m
/n/12 rend-szer, amely a NATO-orszgokban,
 []


Underfull \hbox (badness 10000) in paragraph at lines 214--215

 []

<./images/irod_crows.jpg, id=267, 289.08pt x 205.2468pt>
File: ./images/irod_crows.jpg Graphic file (type jpg)
<use ./images/irod_crows.jpg>
Package pdftex.def Info: ./images/irod_crows.jpg  used on input line 218.
(pdftex.def)             Requested size: 390.0pt x 276.9146pt.



Package fancyhdr Warning: \headheight is too small (12.0pt): 
(fancyhdr)                Make it at least 14.49998pt, for example:
(fancyhdr)                \setlength{\headheight}{14.49998pt}.
(fancyhdr)                You might also make \topmargin smaller to compensate:

(fancyhdr)                \addtolength{\topmargin}{-2.49998pt}.

[10 <./images/irod_crows.jpg>]
<./images/irod_arbalet.png, id=277, 2533.96687pt x 1778.14313pt>
File: ./images/irod_arbalet.png Graphic file (type png)
<use ./images/irod_arbalet.png>
Package pdftex.def Info: ./images/irod_arbalet.png  used on input line 230.
(pdftex.def)             Requested size: 390.0pt x 273.6558pt.



Package fancyhdr Warning: \headheight is too small (12.0pt): 
(fancyhdr)                Make it at least 14.49998pt, for example:
(fancyhdr)                \setlength{\headheight}{14.49998pt}.
(fancyhdr)                You might also make \topmargin smaller to compensate:

(fancyhdr)                \addtolength{\topmargin}{-2.49998pt}.

[11 <./images/irod_arbalet.png>]
<./images/irod_defnder.png, id=290, 1204.5pt x 886.31125pt>
File: ./images/irod_defnder.png Graphic file (type png)
<use ./images/irod_defnder.png>
Package pdftex.def Info: ./images/irod_defnder.png  used on input line 241.
(pdftex.def)             Requested size: 390.0pt x 286.97934pt.

Overfull \hbox (15.04933pt too wide) in paragraph at lines 238--245
 []\T1/jkp/b/n/12 DeFNder [[]][] \T1/jkp/m/n/12 A k-vet-ke-z meg-ol-ds a bel
-ga \T1/jkp/m/sl/12 DeFN-der \T1/jkp/m/n/12 ter-mk-csa-ld, amely-
 []




Package fancyhdr Warning: \headheight is too small (12.0pt): 
(fancyhdr)                Make it at least 14.49998pt, for example:
(fancyhdr)                \setlength{\headheight}{14.49998pt}.
(fancyhdr)                You might also make \topmargin smaller to compensate:

(fancyhdr)                \addtolength{\topmargin}{-2.49998pt}.

[12 <./images/irod_defnder.png>]
<./images/irod_samsung.jpg, id=299, 807.015pt x 956.57375pt>
File: ./images/irod_samsung.jpg Graphic file (type jpg)
<use ./images/irod_samsung.jpg>
Package pdftex.def Info: ./images/irod_samsung.jpg  used on input line 253.
(pdftex.def)             Requested size: 195.0pt x 231.12958pt.



Package fancyhdr Warning: \headheight is too small (12.0pt): 
(fancyhdr)                Make it at least 14.49998pt, for example:
(fancyhdr)                \setlength{\headheight}{14.49998pt}.
(fancyhdr)                You might also make \topmargin smaller to compensate:

(fancyhdr)                \addtolength{\topmargin}{-2.49998pt}.

[13 <./images/irod_samsung.jpg>]
Overfull \hbox (8.27245pt too wide) in paragraph at lines 269--270
 []\T1/jkp/b/n/12 Paintball[] \T1/jkp/m/n/12 Tbb, a dip-lo-ma-mun-km-hoz ha-s
on-l pro-jek-tet is ta-ll-tam, ame-
 []


Underfull \hbox (badness 10000) in paragraph at lines 269--270

 []

<./images/irod_paintball.jpg, id=306, 1060.96375pt x 1258.7025pt>
File: ./images/irod_paintball.jpg Graphic file (type jpg)
<use ./images/irod_paintball.jpg>
Package pdftex.def Info: ./images/irod_paintball.jpg  used on input line 273.
(pdftex.def)             Requested size: 234.00238pt x 277.60683pt.

Underfull \hbox (badness 10000) in paragraph at lines 283--284

 []




Package fancyhdr Warning: \headheight is too small (12.0pt): 
(fancyhdr)                Make it at least 14.49998pt, for example:
(fancyhdr)                \setlength{\headheight}{14.49998pt}.
(fancyhdr)                You might also make \topmargin smaller to compensate:

(fancyhdr)                \addtolength{\topmargin}{-2.49998pt}.

[14 <./images/irod_paintball.jpg>]
Underfull \hbox (badness 10000) in paragraph at lines 289--290

 []


Overfull \hbox (1.58598pt too wide) in paragraph at lines 291--293
[]\T1/jkp/m/n/12 Az air-soft fegy-ve-rek leg-na-gyobb el-nye a tb-bi le-he-t
-sg-gel szem-ben, hogy
 []




Package fancyhdr Warning: \headheight is too small (12.0pt): 
(fancyhdr)                Make it at least 14.49998pt, for example:
(fancyhdr)                \setlength{\headheight}{14.49998pt}.
(fancyhdr)                You might also make \topmargin smaller to compensate:

(fancyhdr)                \addtolength{\topmargin}{-2.49998pt}.

[15]


Package fancyhdr Warning: \headheight is too small (12.0pt): 
(fancyhdr)                Make it at least 14.49998pt, for example:
(fancyhdr)                \setlength{\headheight}{14.49998pt}.
(fancyhdr)                You might also make \topmargin smaller to compensate:

(fancyhdr)                \addtolength{\topmargin}{-2.49998pt}.

[16]
Overfull \hbox (6.16231pt too wide) in paragraph at lines 334--335
\T1/jkp/m/n/12 pon-tos moz-ga-t-s-ra a pan-tilt me-cha-niz-mus se-gt-s-g-v
el. En-nek meg-
 []


Overfull \hbox (0.48358pt too wide) in paragraph at lines 343--344
[]\T1/jkp/b/n/12 Megfelel tel-je-st-mny: \T1/jkp/m/n/12 A szer-vo-mo-to-rok-
nak s szen-zo-rok-nak meg-
 []




Package fancyhdr Warning: \headheight is too small (12.0pt): 
(fancyhdr)                Make it at least 14.49998pt, for example:
(fancyhdr)                \setlength{\headheight}{14.49998pt}.
(fancyhdr)                You might also make \topmargin smaller to compensate:

(fancyhdr)                \addtolength{\topmargin}{-2.49998pt}.

[17]
Overfull \hbox (0.81665pt too wide) in paragraph at lines 344--345
\T1/jkp/m/n/12 gen-d fel-bon-ts-sal s r-z-keny-sg-gel kell ren-del-kez-ni
-k ah-hoz, hogy
 []


Overfull \hbox (2.98634pt too wide) in paragraph at lines 367--368
\T1/jkp/m/n/12 hoz-za a t-ze-l-si dn-t-se-ket az el-re meg-ha-t-ro-zott p
a-ra-m-te-rek alap-
 []




Package fancyhdr Warning: \headheight is too small (12.0pt): 
(fancyhdr)                Make it at least 14.49998pt, for example:
(fancyhdr)                \setlength{\headheight}{14.49998pt}.
(fancyhdr)                You might also make \topmargin smaller to compensate:

(fancyhdr)                \addtolength{\topmargin}{-2.49998pt}.

[18]
Overfull \hbox (3.0356pt too wide) in paragraph at lines 373--374
\T1/jkp/m/n/12 Az au-to-nm fegy-ver-rend-sze-rek hasz-n-la-t-val kap-cso-lat
-ban k-l-n-sen fon-
 []


Overfull \hbox (5.66751pt too wide) in paragraph at lines 376--377
[]\T1/jkp/b/n/12 Vszlellts: \T1/jkp/m/n/12 A rend-szer-nek ren-del-kez-nie 
kell egy vsz-le-l-l-t gomb-
 []


Overfull \hbox (7.31155pt too wide) in paragraph at lines 377--378
[]\T1/jkp/b/n/12 Engedlyezsi me-cha-niz-mus: \T1/jkp/m/n/12 A t-ze-l-si pa-
rancs ki-ad-sa eltt a rend-
 []




Package fancyhdr Warning: \headheight is too small (12.0pt): 
(fancyhdr)                Make it at least 14.49998pt, for example:
(fancyhdr)                \setlength{\headheight}{14.49998pt}.
(fancyhdr)                You might also make \topmargin smaller to compensate:

(fancyhdr)                \addtolength{\topmargin}{-2.49998pt}.

[19]
Overfull \hbox (3.63737pt too wide) in paragraph at lines 394--395
\T1/jkp/m/n/12 A rend-szer ki-ne-ma-ti-kai mo-dell-je ha-son-la-tos a biz-ton-s
-gi ka-me-rk-hoz, ami-
 []

<./images/mech_pantilt.jpg, id=346, 501.875pt x 501.875pt>
File: ./images/mech_pantilt.jpg Graphic file (type jpg)
<use ./images/mech_pantilt.jpg>
Package pdftex.def Info: ./images/mech_pantilt.jpg  used on input line 398.
(pdftex.def)             Requested size: 234.00238pt x 234.00507pt.

Overfull \hbox (10.21965pt too wide) in paragraph at lines 403--404
\T1/jkp/m/n/12 k-ze-leb-bi vizs-g-la-ta utn el-kezd-tem ki-dol-goz-ni a sa-j
t kon-cep-ci--mat. Szem-
 []

<./images/mockup.png, id=349, 712.91344pt x 730.22812pt>
File: ./images/mockup.png Graphic file (type png)
<use ./images/mockup.png>
Package pdftex.def Info: ./images/mockup.png  used on input line 407.
(pdftex.def)             Requested size: 234.00238pt x 239.6835pt.

LaTeX Warning: `!h' float specifier changed to `!ht'.


Underfull \hbox (badness 10000) in paragraph at lines 412--413

 []




Package fancyhdr Warning: \headheight is too small (12.0pt): 
(fancyhdr)                Make it at least 14.49998pt, for example:
(fancyhdr)                \setlength{\headheight}{14.49998pt}.
(fancyhdr)                You might also make \topmargin smaller to compensate:

(fancyhdr)                \addtolength{\topmargin}{-2.49998pt}.

[20 <./images/mech_pantilt.jpg>]


Package fancyhdr Warning: \headheight is too small (12.0pt): 
(fancyhdr)                Make it at least 14.49998pt, for example:
(fancyhdr)                \setlength{\headheight}{14.49998pt}.
(fancyhdr)                You might also make \topmargin smaller to compensate:

(fancyhdr)                \addtolength{\topmargin}{-2.49998pt}.

[21 <./images/mockup.png>]
<./images/mech_gearboxdiagram.jpg, id=366, 807.015pt x 505.89pt>
File: ./images/mech_gearboxdiagram.jpg Graphic file (type jpg)
<use ./images/mech_gearboxdiagram.jpg>
Package pdftex.def Info: ./images/mech_gearboxdiagram.jpg  used on input line 4
47.
(pdftex.def)             Requested size: 390.0pt x 244.47635pt.



Package fancyhdr Warning: \headheight is too small (12.0pt): 
(fancyhdr)                Make it at least 14.49998pt, for example:
(fancyhdr)                \setlength{\headheight}{14.49998pt}.
(fancyhdr)                You might also make \topmargin smaller to compensate:

(fancyhdr)                \addtolength{\topmargin}{-2.49998pt}.

[22 <./images/mech_gearboxdiagram.jpg>]
<./images/gearboxbele.jpg, id=374, 316.18124pt x 236.885pt>
File: ./images/gearboxbele.jpg Graphic file (type jpg)
<use ./images/gearboxbele.jpg>
Package pdftex.def Info: ./images/gearboxbele.jpg  used on input line 460.
(pdftex.def)             Requested size: 234.00238pt x 175.31744pt.

Underfull \hbox (badness 10000) in paragraph at lines 465--466

 []


Underfull \hbox (badness 10000) in paragraph at lines 471--472

 []

<./images/mech_stepper.jpg, id=378, 803.0pt x 803.0pt>
File: ./images/mech_stepper.jpg Graphic file (type jpg)
<use ./images/mech_stepper.jpg>
Package pdftex.def Info: ./images/mech_stepper.jpg  used on input line 475.
(pdftex.def)             Requested size: 312.00119pt x 312.00473pt.

LaTeX Warning: `!h' float specifier changed to `!ht'.


Underfull \hbox (badness 10000) in paragraph at lines 480--481

 []




Package fancyhdr Warning: \headheight is too small (12.0pt): 
(fancyhdr)                Make it at least 14.49998pt, for example:
(fancyhdr)                \setlength{\headheight}{14.49998pt}.
(fancyhdr)                You might also make \topmargin smaller to compensate:

(fancyhdr)                \addtolength{\topmargin}{-2.49998pt}.

[23 <./images/gearboxbele.jpg>]


Package fancyhdr Warning: \headheight is too small (12.0pt): 
(fancyhdr)                Make it at least 14.49998pt, for example:
(fancyhdr)                \setlength{\headheight}{14.49998pt}.
(fancyhdr)                You might also make \topmargin smaller to compensate:

(fancyhdr)                \addtolength{\topmargin}{-2.49998pt}.

[24 <./images/mech_stepper.jpg>]
Overfull \hbox (5.11401pt too wide) in paragraph at lines 487--488
\T1/jkp/m/n/12 ga-ran-tl-ni az egy-ms-hoz va-l il-lesz-ke-dst, va-la-mint a
 vl-toz-ta-t-sok knny
 []


Underfull \hbox (badness 10000) in paragraph at lines 487--488

 []

<./images/mech_skeleton1.png, id=393, 382.42876pt x 670.75594pt>
File: ./images/mech_skeleton1.png Graphic file (type png)
<use ./images/mech_skeleton1.png>
Package pdftex.def Info: ./images/mech_skeleton1.png  used on input line 494.
(pdftex.def)             Requested size: 195.0pt x 342.01959pt.
<./images/mech_skeleton2.png, id=396, 1143.52219pt x 583.42969pt>
File: ./images/mech_skeleton2.png Graphic file (type png)
<use ./images/mech_skeleton2.png>
Package pdftex.def Info: ./images/mech_skeleton2.png  used on input line 503.
(pdftex.def)             Requested size: 390.0pt x 198.97772pt.



Package fancyhdr Warning: \headheight is too small (12.0pt): 
(fancyhdr)                Make it at least 14.49998pt, for example:
(fancyhdr)                \setlength{\headheight}{14.49998pt}.
(fancyhdr)                You might also make \topmargin smaller to compensate:

(fancyhdr)                \addtolength{\topmargin}{-2.49998pt}.

[25 <./images/mech_skeleton1.png>]


Package fancyhdr Warning: \headheight is too small (12.0pt): 
(fancyhdr)                Make it at least 14.49998pt, for example:
(fancyhdr)                \setlength{\headheight}{14.49998pt}.
(fancyhdr)                You might also make \topmargin smaller to compensate:

(fancyhdr)                \addtolength{\topmargin}{-2.49998pt}.

[26 <./images/mech_skeleton2.png>]
<./images/mech_dt4000.png, id=411, 905.63344pt x 789.70032pt>
File: ./images/mech_dt4000.png Graphic file (type png)
<use ./images/mech_dt4000.png>
Package pdftex.def Info: ./images/mech_dt4000.png  used on input line 520.
(pdftex.def)             Requested size: 312.00119pt x 272.06131pt.
<./images/mech_dt4200.png, id=413, 513.41812pt x 612.78937pt>
File: ./images/mech_dt4200.png Graphic file (type png)
<use ./images/mech_dt4200.png>
Package pdftex.def Info: ./images/mech_dt4200.png  used on input line 530.
(pdftex.def)             Requested size: 155.99762pt x 186.19452pt.


LaTeX Warning: `!h' float specifier changed to `!ht'.

<./images/mech_tar.png, id=415, 1728.4575pt x 444.91219pt>
File: ./images/mech_tar.png Graphic file (type png)
<use ./images/mech_tar.png>
Package pdftex.def Info: ./images/mech_tar.png  used on input line 540.
(pdftex.def)             Requested size: 390.0pt x 100.38605pt.

LaTeX Warning: `!h' float specifier changed to `!ht'.




Package fancyhdr Warning: \headheight is too small (12.0pt): 
(fancyhdr)                Make it at least 14.49998pt, for example:
(fancyhdr)                \setlength{\headheight}{14.49998pt}.
(fancyhdr)                You might also make \topmargin smaller to compensate:

(fancyhdr)                \addtolength{\topmargin}{-2.49998pt}.

[27 <./images/mech_dt4000.png>]
<./images/mech_dt4000kamera.png, id=426, 980.16188pt x 619.56468pt>
File: ./images/mech_dt4000kamera.png Graphic file (type png)
<use ./images/mech_dt4000kamera.png>
Package pdftex.def Info: ./images/mech_dt4000kamera.png  used on input line 549
.
(pdftex.def)             Requested size: 390.0pt x 246.51685pt.


LaTeX Warning: `!h' float specifier changed to `!ht'.

<./images/mech_felsotengely.png, id=427, 1664.46844pt x 514.92375pt>
File: ./images/mech_felsotengely.png Graphic file (type png)
<use ./images/mech_felsotengely.png>
Package pdftex.def Info: ./images/mech_felsotengely.png  used on input line 559
.
(pdftex.def)             Requested size: 390.0pt x 120.64566pt.

LaTeX Warning: `!h' float specifier changed to `!ht'.




Package fancyhdr Warning: \headheight is too small (12.0pt): 
(fancyhdr)                Make it at least 14.49998pt, for example:
(fancyhdr)                \setlength{\headheight}{14.49998pt}.
(fancyhdr)                You might also make \topmargin smaller to compensate:

(fancyhdr)                \addtolength{\topmargin}{-2.49998pt}.

[28 <./images/mech_dt4200.png> <./images/mech_tar.png>]
<./images/mech_motorbeepites.png, id=434, 1186.4325pt x 727.21687pt>
File: ./images/mech_motorbeepites.png Graphic file (type png)
<use ./images/mech_motorbeepites.png>
Package pdftex.def Info: ./images/mech_motorbeepites.png  used on input line 56
9.
(pdftex.def)             Requested size: 390.0pt x 239.0502pt.


LaTeX Warning: `!h' float specifier changed to `!ht'.

<./images/mech_vegallas1.png, id=435, 485.56406pt x 556.32843pt>
File: ./images/mech_vegallas1.png Graphic file (type png)
<use ./images/mech_vegallas1.png>
Package pdftex.def Info: ./images/mech_vegallas1.png  used on input line 581.
(pdftex.def)             Requested size: 136.4994pt x 156.39058pt.
<./images/mech_vegallas2.png, id=436, 355.3275pt x 435.87843pt>
File: ./images/mech_vegallas2.png Graphic file (type png)
<use ./images/mech_vegallas2.png>
Package pdftex.def Info: ./images/mech_vegallas2.png  used on input line 587.
(pdftex.def)             Requested size: 136.4994pt x 167.44458pt.

Underfull \hbox (badness 10000) in paragraph at lines 595--596

 []




Package fancyhdr Warning: \headheight is too small (12.0pt): 
(fancyhdr)                Make it at least 14.49998pt, for example:
(fancyhdr)                \setlength{\headheight}{14.49998pt}.
(fancyhdr)                You might also make \topmargin smaller to compensate:

(fancyhdr)                \addtolength{\topmargin}{-2.49998pt}.

[29 <./images/mech_dt4000kamera.png> <./images/mech_felsotengely.png>]
<./images/mech_alsoreszek.png, id=446, 1556.81625pt x 649.67719pt>
File: ./images/mech_alsoreszek.png Graphic file (type png)
<use ./images/mech_alsoreszek.png>
Package pdftex.def Info: ./images/mech_alsoreszek.png  used on input line 601.
(pdftex.def)             Requested size: 390.0pt x 162.74603pt.


LaTeX Warning: `!h' float specifier changed to `!ht'.




Package fancyhdr Warning: \headheight is too small (12.0pt): 
(fancyhdr)                Make it at least 14.49998pt, for example:
(fancyhdr)                \setlength{\headheight}{14.49998pt}.
(fancyhdr)                You might also make \topmargin smaller to compensate:

(fancyhdr)                \addtolength{\topmargin}{-2.49998pt}.

[30 <./images/mech_motorbeepites.png>]
<./images/mech_fogpar1.png, id=455, 971.12813pt x 459.96844pt>
File: ./images/mech_fogpar1.png Graphic file (type png)
<use ./images/mech_fogpar1.png>
Package pdftex.def Info: ./images/mech_fogpar1.png  used on input line 611.
(pdftex.def)             Requested size: 390.0pt x 184.72105pt.


LaTeX Warning: `!h' float specifier changed to `!ht'.

<./images/mech_fogpar2.png, id=457, 521.69907pt x 468.24937pt>
File: ./images/mech_fogpar2.png Graphic file (type png)
<use ./images/mech_fogpar2.png>
Package pdftex.def Info: ./images/mech_fogpar2.png  used on input line 620.
(pdftex.def)             Requested size: 272.99881pt x 245.02722pt.

LaTeX Warning: `!h' float specifier changed to `!ht'.




Package fancyhdr Warning: \headheight is too small (12.0pt): 
(fancyhdr)                Make it at least 14.49998pt, for example:
(fancyhdr)                \setlength{\headheight}{14.49998pt}.
(fancyhdr)                You might also make \topmargin smaller to compensate:

(fancyhdr)                \addtolength{\topmargin}{-2.49998pt}.

[31 <./images/mech_vegallas1.png> <./images/mech_vegallas2.png> <./images/mech_
alsoreszek.png>]


Package fancyhdr Warning: \headheight is too small (12.0pt): 
(fancyhdr)                Make it at least 14.49998pt, for example:
(fancyhdr)                \setlength{\headheight}{14.49998pt}.
(fancyhdr)                You might also make \topmargin smaller to compensate:

(fancyhdr)                \addtolength{\topmargin}{-2.49998pt}.

[32 <./images/mech_fogpar1.png> <./images/mech_fogpar2.png>]
Overfull \hbox (13.9029pt too wide) in paragraph at lines 634--635
\T1/jkp/m/n/12 A pro-to-t-pus ram-k-rt pr-bl-tam mi-nl egy-sze-rb-ben m
eg-va-l-s-ta-ni. Alap-
 []

<./images/elek_pinout.png, id=476, 2125.18968pt x 892.08281pt>
File: ./images/elek_pinout.png Graphic file (type png)
<use ./images/elek_pinout.png>
Package pdftex.def Info: ./images/elek_pinout.png  used on input line 639.
(pdftex.def)             Requested size: 390.0pt x 163.69875pt.

Overfull \hbox (3.57912pt too wide) in paragraph at lines 649--650
[]\T1/jkp/m/n/12 Legyen knnyen be-sze-rez-he-t, mind anya-gi-lag, mind el-r-
he-t-sg sze-
 []


Underfull \hbox (badness 10000) in paragraph at lines 656--657

 []




Package fancyhdr Warning: \headheight is too small (12.0pt): 
(fancyhdr)                Make it at least 14.49998pt, for example:
(fancyhdr)                \setlength{\headheight}{14.49998pt}.
(fancyhdr)                You might also make \topmargin smaller to compensate:

(fancyhdr)                \addtolength{\topmargin}{-2.49998pt}.

[33 <./images/elek_pinout.png>]
<./images/elek_raspberry4b.png, id=486, 573.14125pt x 341.275pt>
File: ./images/elek_raspberry4b.png Graphic file (type png)
<use ./images/elek_raspberry4b.png>
Package pdftex.def Info: ./images/elek_raspberry4b.png  used on input line 660.

(pdftex.def)             Requested size: 390.0pt x 232.22534pt.

Overfull \hbox (1.54681pt too wide) in paragraph at lines 665--666
[]\T1/jkp/m/n/12 A ka-me-ra il-lesz-t-se szin-tn k-l-n-sen fon-tos a vg-t
er-mk m-k-d-se szem-
 []


Underfull \hbox (badness 10000) in paragraph at lines 665--666

 []


Underfull \hbox (badness 10000) in paragraph at lines 670--671

 []




Package fancyhdr Warning: \headheight is too small (12.0pt): 
(fancyhdr)                Make it at least 14.49998pt, for example:
(fancyhdr)                \setlength{\headheight}{14.49998pt}.
(fancyhdr)                You might also make \topmargin smaller to compensate:

(fancyhdr)                \addtolength{\topmargin}{-2.49998pt}.

[34 <./images/elek_raspberry4b.png>]
<./images/elek_stepperhat.png, id=498, 803.0pt x 803.0pt>
File: ./images/elek_stepperhat.png Graphic file (type png)
<use ./images/elek_stepperhat.png>
Package pdftex.def Info: ./images/elek_stepperhat.png  used on input line 676.
(pdftex.def)             Requested size: 390.0pt x 390.0059pt.


LaTeX Warning: `!h' float specifier changed to `!ht'.


Underfull \hbox (badness 10000) in paragraph at lines 681--682

 []


Overfull \hbox (16.61888pt too wide) in paragraph at lines 694--695
\T1/jkp/m/n/12 A rend-szer l-tal hasz-nlt ka-me-ra egy \T1/jkp/m/sl/12 Rasp-b
er-ry Pi Ca-me-ra Mo-dule 2 \T1/jkp/m/n/12 volt.[[]]
 []




Package fancyhdr Warning: \headheight is too small (12.0pt): 
(fancyhdr)                Make it at least 14.49998pt, for example:
(fancyhdr)                \setlength{\headheight}{14.49998pt}.
(fancyhdr)                You might also make \topmargin smaller to compensate:

(fancyhdr)                \addtolength{\topmargin}{-2.49998pt}.

[35]
<./images/elek_raspberrycam.png, id=510, 1023.825pt x 572.1375pt>
File: ./images/elek_raspberrycam.png Graphic file (type png)
<use ./images/elek_raspberrycam.png>
Package pdftex.def Info: ./images/elek_raspberrycam.png  used on input line 698
.
(pdftex.def)             Requested size: 390.0pt x 217.93831pt.


LaTeX Warning: `!h' float specifier changed to `!ht'.




Package fancyhdr Warning: \headheight is too small (12.0pt): 
(fancyhdr)                Make it at least 14.49998pt, for example:
(fancyhdr)                \setlength{\headheight}{14.49998pt}.
(fancyhdr)                You might also make \topmargin smaller to compensate:

(fancyhdr)                \addtolength{\topmargin}{-2.49998pt}.

[36 <./images/elek_stepperhat.png>]
<./images/elek_vegallaskapcsolo.png, id=519, 602.25pt x 602.25pt>
File: ./images/elek_vegallaskapcsolo.png Graphic file (type png)
<use ./images/elek_vegallaskapcsolo.png>
Package pdftex.def Info: ./images/elek_vegallaskapcsolo.png  used on input line
 710.
(pdftex.def)             Requested size: 195.0pt x 195.00294pt.


LaTeX Warning: `!h' float specifier changed to `!ht'.




Package fancyhdr Warning: \headheight is too small (12.0pt): 
(fancyhdr)                Make it at least 14.49998pt, for example:
(fancyhdr)                \setlength{\headheight}{14.49998pt}.
(fancyhdr)                You might also make \topmargin smaller to compensate:

(fancyhdr)                \addtolength{\topmargin}{-2.49998pt}.

[37 <./images/elek_raspberrycam.png>]
Underfull \hbox (badness 10000) in paragraph at lines 726--727

 []

LaTeX Font Info:    Trying to load font information for T1+jkptt on input line 
729.

(C:\Users\Ext.Sandor.Heroczi\AppData\Local\Programs\MiKTeX\tex/latex/kpfonts\t1
jkptt.fd
File: t1jkptt.fd 2007/01/26 Fontinst v1.928 font definitions for T1/jkptt.
)


Package fancyhdr Warning: \headheight is too small (12.0pt): 
(fancyhdr)                Make it at least 14.49998pt, for example:
(fancyhdr)                \setlength{\headheight}{14.49998pt}.
(fancyhdr)                You might also make \topmargin smaller to compensate:

(fancyhdr)                \addtolength{\topmargin}{-2.49998pt}.

[38 <./images/elek_vegallaskapcsolo.png>]
Overfull \hbox (1.41203pt too wide) in paragraph at lines 745--746
\T1/jkp/m/n/12 A vezrls-kld fo-lya-mat ([]) a fel-hasz-n-l ir-ny-t-si 
pa-
 []


Overfull \hbox (20.34703pt too wide) in paragraph at lines 749--750
[]\T1/jkp/m/n/12 ), il-let-ve a bil-len-ty-zet-rl l-zer-kap-cso-lst ([])
 []




Package fancyhdr Warning: \headheight is too small (12.0pt): 
(fancyhdr)                Make it at least 14.49998pt, for example:
(fancyhdr)                \setlength{\headheight}{14.49998pt}.
(fancyhdr)                You might also make \topmargin smaller to compensate:

(fancyhdr)                \addtolength{\topmargin}{-2.49998pt}.

[39]
Overfull \hbox (23.26396pt too wide) in paragraph at lines 760--761
 []\T1/jkp/b/n/12 Vezrls-fogad fo-lya-mat[] \T1/jkp/m/n/12 A vezrl-fogad 
fo-lya-mat ([])
 []


Overfull \hbox (6.56009pt too wide) in paragraph at lines 771--772
 []\T1/jkp/b/n/12 Vide-kld fo-lya-mat[] \T1/jkp/m/n/12 A vide-kld fo-lya-
mat ([]) a Rasp-
 []




Package fancyhdr Warning: \headheight is too small (12.0pt): 
(fancyhdr)                Make it at least 14.49998pt, for example:
(fancyhdr)                \setlength{\headheight}{14.49998pt}.
(fancyhdr)                You might also make \topmargin smaller to compensate:

(fancyhdr)                \addtolength{\topmargin}{-2.49998pt}.

[40]


Package fancyhdr Warning: \headheight is too small (12.0pt): 
(fancyhdr)                Make it at least 14.49998pt, for example:
(fancyhdr)                \setlength{\headheight}{14.49998pt}.
(fancyhdr)                You might also make \topmargin smaller to compensate:

(fancyhdr)                \addtolength{\topmargin}{-2.49998pt}.

[41]
Underfull \hbox (badness 10000) in paragraph at lines 787--788

 []


Underfull \hbox (badness 10000) in paragraph at lines 789--790

 []


Underfull \hbox (badness 10000) in paragraph at lines 791--792

 []


Overfull \hbox (7.14764pt too wide) in paragraph at lines 793--794
[]\T1/jkp/m/n/12 Mindkt t-pus-nl a [], [], [], s [] fgg-
 []


Underfull \hbox (badness 10000) in paragraph at lines 797--798

 []


Underfull \hbox (badness 10000) in paragraph at lines 803--804

 []




Package fancyhdr Warning: \headheight is too small (12.0pt): 
(fancyhdr)                Make it at least 14.49998pt, for example:
(fancyhdr)                \setlength{\headheight}{14.49998pt}.
(fancyhdr)                You might also make \topmargin smaller to compensate:

(fancyhdr)                \addtolength{\topmargin}{-2.49998pt}.

[42]
Overfull \hbox (9.52185pt too wide) in paragraph at lines 805--806
\T1/jkp/m/n/12 moz-ga-t-sa egy-sze-r a [] s [] fgg-
 []


Underfull \hbox (badness 10000) in paragraph at lines 808--809

 []




Package fancyhdr Warning: \headheight is too small (12.0pt): 
(fancyhdr)                Make it at least 14.49998pt, for example:
(fancyhdr)                \setlength{\headheight}{14.49998pt}.
(fancyhdr)                You might also make \topmargin smaller to compensate:

(fancyhdr)                \addtolength{\topmargin}{-2.49998pt}.

[43]


Package fancyhdr Warning: \headheight is too small (12.0pt): 
(fancyhdr)                Make it at least 14.49998pt, for example:
(fancyhdr)                \setlength{\headheight}{14.49998pt}.
(fancyhdr)                You might also make \topmargin smaller to compensate:

(fancyhdr)                \addtolength{\topmargin}{-2.49998pt}.

[44]


Package fancyhdr Warning: \headheight is too small (12.0pt): 
(fancyhdr)                Make it at least 14.49998pt, for example:
(fancyhdr)                \setlength{\headheight}{14.49998pt}.
(fancyhdr)                You might also make \topmargin smaller to compensate:

(fancyhdr)                \addtolength{\topmargin}{-2.49998pt}.

[45]
Underfull \hbox (badness 10000) in paragraph at lines 871--873
[]$\T1/jkptt/m/n/10 https : / / www . raspberrypi . com / products / raspberry-
[]pi-[]4-[]model-[]b /
 []




Package fancyhdr Warning: \headheight is too small (12.0pt): 
(fancyhdr)                Make it at least 15.01804pt, for example:
(fancyhdr)                \setlength{\headheight}{15.01804pt}.
(fancyhdr)                You might also make \topmargin smaller to compensate:

(fancyhdr)                \addtolength{\topmargin}{-3.01804pt}.

[46] (Thesis.aux)
 ***********
LaTeX2e <2024-06-01> patch level 2
L3 programming layer <2024-09-10>
 ***********
Package rerunfilecheck Info: File `Thesis.out' has not changed.
(rerunfilecheck)             Checksum: 7F6DF503B7FBB9B895B5526D4BC8E278;4798.
 ) 
Here is how much of TeX's memory you used:
 28996 strings out of 473899
 549949 string characters out of 5720363
 896402 words of memory out of 5000000
 51234 multiletter control sequences out of 15000+600000
 663009 words of font info for 132 fonts, out of 8000000 for 9000
 1141 hyphenation exceptions out of 8191
 102i,17n,107p,1326b,674s stack positions out of 10000i,1000n,20000p,200000b,200000s
<C:/Users/Ext.Sandor.Heroczi/AppData/Local/Programs/MiKTeX/fonts/type1/public
/kpfonts/jkpbn8a.pfb><C:/Users/Ext.Sandor.Heroczi/AppData/Local/Programs/MiKTeX
/fonts/type1/public/kpfonts/jkpbne.pfb><C:/Users/Ext.Sandor.Heroczi/AppData/Loc
al/Programs/MiKTeX/fonts/type1/public/kpfonts/jkpex.pfb><C:/Users/Ext.Sandor.He
roczi/AppData/Local/Programs/MiKTeX/fonts/type1/public/kpfonts/jkpmi.pfb><C:/Us
ers/Ext.Sandor.Heroczi/AppData/Local/Programs/MiKTeX/fonts/type1/public/kpfonts
/jkpmn8a.pfb><C:/Users/Ext.Sandor.Heroczi/AppData/Local/Programs/MiKTeX/fonts/t
ype1/public/kpfonts/jkpmn8a.pfb><C:/Users/Ext.Sandor.Heroczi/AppData/Local/Prog
rams/MiKTeX/fonts/type1/public/kpfonts/jkpmne.pfb><C:/Users/Ext.Sandor.Heroczi/
AppData/Local/Programs/MiKTeX/fonts/type1/public/kpfonts/jkpmne.pfb><C:/Users/E
xt.Sandor.Heroczi/AppData/Local/Programs/MiKTeX/fonts/type1/public/kpfonts/jkpm
sc8a.pfb><C:/Users/Ext.Sandor.Heroczi/AppData/Local/Programs/MiKTeX/fonts/type1
/public/kpfonts/jkpmsce.pfb><C:/Users/Ext.Sandor.Heroczi/AppData/Local/Programs
/MiKTeX/fonts/type1/public/kpfonts/jkpsy.pfb><C:/Users/Ext.Sandor.Heroczi/AppDa
ta/Local/Programs/MiKTeX/fonts/type1/public/kpfonts/jkpttmn8a.pfb>
Output written on Thesis.pdf (48 pages, 11154453 bytes).
PDF statistics:
 678 PDF objects out of 1000 (max. 8388607)
 157 named destinations out of 1000 (max. 500000)
 423 words of extra memory for PDF output out of 10000 (max. 10000000)

