\BOOKMARK [0][-]{chapter*.2}{\376\377\000K\000i\000v\000o\000n\000a\000t}{}% 1
\BOOKMARK [0][-]{chapter*.3}{\376\377\000A\000b\000s\000t\000r\000a\000c\000t}{}% 2
\BOOKMARK [0][-]{chapter.1}{\376\377\000B\000e\000v\000e\000z\000e\000t\000\351\000s}{}% 3
\BOOKMARK [1][-]{section.1.1}{\376\377\000M\000o\000t\000i\000v\000\341\000c\000i\000\363\000\040\000\351\000s\000\040\000h\000\341\000t\000t\000\351\000r}{chapter.1}% 4
\BOOKMARK [1][-]{section.1.2}{\376\377\000K\000i\000h\000\355\000v\000\341\000s\000o\000k\000\040\000\351\000s\000\040\000c\000\351\000l\000k\000i\000t\001\161\000z\000\351\000s\000e\000k}{chapter.1}% 5
\BOOKMARK [1][-]{section.1.3}{\376\377\000K\000o\000r\000l\000\341\000t\000o\000z\000\341\000s\000o\000k}{chapter.1}% 6
\BOOKMARK [1][-]{section.1.4}{\376\377\000E\000r\000k\000\366\000l\000c\000s\000i\000\040\000n\000y\000i\000l\000a\000t\000k\000o\000z\000a\000t}{chapter.1}% 7
\BOOKMARK [0][-]{chapter.2}{\376\377\000I\000r\000o\000d\000a\000l\000o\000m\000k\000u\000t\000a\000t\000\341\000s}{}% 8
\BOOKMARK [1][-]{section.2.1}{\376\377\000M\000e\000g\000v\000a\000l\000\363\000s\000u\000l\000t\000\040\000r\000e\000n\000d\000s\000z\000e\000r\000e\000k}{chapter.2}% 9
\BOOKMARK [1][-]{section.2.2}{\376\377\000T\000\374\000z\000e\000l\000\351\000s\000i\000\040\000m\000e\000c\000h\000a\000n\000i\000z\000m\000u\000s}{chapter.2}% 10
\BOOKMARK [0][-]{chapter.3}{\376\377\000R\000e\000n\000d\000s\000z\000e\000r\000t\000e\000r\000v\000e\000z\000\351\000s\000\040\000\351\000s\000\040\000k\000\366\000v\000e\000t\000e\000l\000m\000\351\000n\000y\000e\000k}{}% 11
\BOOKMARK [1][-]{section.3.1}{\376\377\000R\000e\000n\000d\000s\000z\000e\000r\000\341\000t\000t\000e\000k\000i\000n\000t\000\351\000s}{chapter.3}% 12
\BOOKMARK [1][-]{section.3.2}{\376\377\000K\000\366\000v\000e\000t\000e\000l\000m\000\351\000n\000y\000e\000k}{chapter.3}% 13
\BOOKMARK [0][-]{chapter.4}{\376\377\000M\000e\000c\000h\000a\000n\000i\000k\000a\000i\000\040\000t\000e\000r\000v\000e\000z\000\351\000s}{}% 14
\BOOKMARK [1][-]{section.4.1}{\376\377\000K\000i\000n\000e\000m\000a\000t\000i\000k\000a}{chapter.4}% 15
\BOOKMARK [1][-]{section.4.2}{\376\377\000M\000e\000c\000h\000a\000n\000i\000k\000a\000i\000\040\000a\000l\000k\000a\000t\000r\000\351\000s\000z\000e\000k}{chapter.4}% 16
\BOOKMARK [1][-]{section.4.3}{\376\377\0003\000D\000\040\000t\000e\000r\000v\000e\000z\000\351\000s\000,\000\040\000m\000o\000d\000e\000l\000l\000e\000z\000\351\000s}{chapter.4}% 17
\BOOKMARK [2][-]{subsection.4.3.1}{\376\377\000S\000k\000e\000l\000e\000t\000o\000n\000\040\000m\000o\000d\000e\000l\000l}{section.4.3}% 18
\BOOKMARK [2][-]{subsection.4.3.2}{\376\377\000T\000o\000r\000o\000n\000y}{section.4.3}% 19
\BOOKMARK [2][-]{subsection.4.3.3}{\376\377\000K\000e\000r\000e\000t}{section.4.3}% 20
\BOOKMARK [2][-]{subsection.4.3.4}{\376\377\000F\000\374\000g\000g\001\121\000l\000e\000g\000e\000s\000\040\000t\000e\000n\000g\000e\000l\000y\000\040\000e\000l\000e\000m\000e\000i}{section.4.3}% 21
\BOOKMARK [2][-]{subsection.4.3.5}{\376\377\000F\000o\000g\000a\000s\000k\000e\000r\000e\000k\000e\000k}{section.4.3}% 22
\BOOKMARK [1][-]{section.4.4}{\376\377\000G\000y\000\341\000r\000t\000\341\000s\000\040\000\351\000s\000\040\000\366\000s\000s\000z\000e\000s\000z\000e\000r\000e\000l\000\351\000s}{chapter.4}% 23
\BOOKMARK [2][-]{subsection.4.4.1}{\376\377\000G\000y\000\341\000r\000t\000\341\000s}{section.4.4}% 24
\BOOKMARK [2][-]{subsection.4.4.2}{\376\377\000\326\000s\000s\000z\000e\000s\000z\000e\000r\000e\000l\000\351\000s}{section.4.4}% 25
\BOOKMARK [0][-]{chapter.5}{\376\377\000H\000a\000r\000d\000v\000e\000r\000t\000e\000r\000v\000e\000z\000\351\000s}{}% 26
\BOOKMARK [1][-]{section.5.1}{\376\377\000\301\000r\000a\000m\000k\000\366\000r\000i\000\040\000t\000e\000r\000v\000e\000z\000\351\000s}{chapter.5}% 27
\BOOKMARK [1][-]{section.5.2}{\376\377\000E\000l\000e\000k\000t\000r\000o\000n\000i\000k\000a\000i\000\040\000a\000l\000k\000a\000t\000r\000\351\000s\000z\000e\000k}{chapter.5}% 28
\BOOKMARK [1][-]{section.5.3}{\376\377\000G\000y\000\341\000r\000t\000\341\000s\000,\000\040\000f\000o\000r\000r\000a\000s\000z\000t\000\341\000s}{chapter.5}% 29
\BOOKMARK [0][-]{chapter.6}{\376\377\000S\000z\000o\000f\000t\000v\000e\000r\000f\000e\000j\000l\000e\000s\000z\000t\000\351\000s}{}% 30
\BOOKMARK [1][-]{section.6.1}{\376\377\000H\000a\000s\000z\000n\000\341\000l\000t\000\040\000P\000y\000t\000h\000o\000n\000\040\000m\000o\000d\000u\000l\000o\000k\000,\000\040\000e\000s\000z\000k\000\366\000z\000\366\000k}{chapter.6}% 31
\BOOKMARK [1][-]{section.6.2}{\376\377\000G\000\351\000p\000i\000\040\000l\000\341\000t\000\341\000s}{chapter.6}% 32
\BOOKMARK [2][-]{subsection.6.2.1}{\376\377\000T\000e\000m\000p\000l\000a\000t\000e\000\040\000m\000a\000t\000c\000h\000i\000n\000g\000\040\000t\000e\000m\000p\000l\000a\000t\000e\000m\000a\000t\000c\000h\000i\000n\000g}{section.6.2}% 33
\BOOKMARK [2][-]{subsection.6.2.2}{\376\377\000F\000e\000a\000t\000u\000r\000e\000\040\000M\000a\000t\000c\000h\000i\000n\000g\000\040\000f\000e\000a\000t\000u\000r\000e\000m\000a\000t\000c\000h\000i\000n\000g}{section.6.2}% 34
\BOOKMARK [2][-]{subsection.6.2.3}{\376\377\000T\000a\000r\000g\000e\000t\000\040\000T\000r\000a\000c\000k\000i\000n\000g\000\040\000t\000a\000r\000g\000e\000t\000t\000r\000a\000c\000k\000i\000n\000g}{section.6.2}% 35
\BOOKMARK [2][-]{subsection.6.2.4}{\376\377\000H\000a\000a\000r\000\040\000c\000a\000s\000c\000a\000d\000e\000\040\000h\000a\000a\000r\000c\000a\000s\000c\000a\000d\000e}{section.6.2}% 36
\BOOKMARK [1][-]{section.6.3}{\376\377\000A\000\040\000s\000z\000o\000f\000t\000v\000e\000r\000\040\000m\001\161\000k\000\366\000d\000\351\000s\000e}{chapter.6}% 37
\BOOKMARK [2][-]{subsection.6.3.1}{\376\377\000A\000\040\000P\000C\000-\000n\000\040\000f\000u\000t\000\363\000\040\000p\000r\000o\000g\000r\000a\000m\000\040\000m\001\161\000k\000\366\000d\000\351\000s\000e}{section.6.3}% 38
\BOOKMARK [2][-]{subsection.6.3.2}{\376\377\000A\000\040\000R\000a\000s\000p\000b\000e\000r\000r\000y\000\040\000P\000i\000-\000n\000\040\000f\000u\000t\000\363\000\040\000p\000r\000o\000g\000r\000a\000m\000\040\000m\001\161\000k\000\366\000d\000\351\000s\000e}{section.6.3}% 39
\BOOKMARK [0][-]{chapter.7}{\376\377\000T\000e\000s\000z\000t\000e\000l\000\351\000s}{}% 40
\BOOKMARK [1][-]{section.7.1}{\376\377\000E\000l\000e\000k\000t\000r\000o\000n\000i\000k\000a\000i\000\040\000a\000l\000k\000a\000t\000r\000\351\000s\000z\000e\000k\000\040\000t\000e\000s\000z\000t\000j\000e}{chapter.7}% 41
\BOOKMARK [1][-]{section.7.2}{\376\377\000K\000\351\000p\000f\000e\000l\000i\000s\000m\000e\000r\001\121\000\040\000a\000l\000g\000o\000r\000i\000t\000m\000u\000s\000o\000k\000\040\000t\000e\000s\000z\000t\000j\000e\000\040\000t\000e\000s\000z\000t\000j\000e}{chapter.7}% 42
\BOOKMARK [2][-]{subsection.7.2.1}{\376\377\000H\000a\000a\000r\000\040\000C\000a\000s\000c\000a\000d\000e}{section.7.2}% 43
\BOOKMARK [1][-]{section.7.3}{\376\377\000\311\000l\000e\000s\000\040\000t\000e\000s\000z\000t}{chapter.7}% 44
\BOOKMARK [0][-]{chapter.8}{\376\377\000H\000i\000b\000\341\000k\000,\000\040\000\351\000s\000z\000r\000e\000v\000\351\000t\000e\000l\000e\000k}{}% 45
\BOOKMARK [0][-]{chapter.9}{\376\377\000T\000o\000v\000\341\000b\000b\000f\000e\000j\000l\000e\000s\000z\000t\000\351\000s\000i\000\040\000l\000e\000h\000e\000t\001\121\000s\000\351\000g\000e\000k}{}% 46
\BOOKMARK [0][-]{chapter.10}{\376\377\000K\000o\000n\000k\000l\000\372\000z\000i\000\363\000k}{}% 47
\BOOKMARK [0][-]{chapter*.89}{\376\377\000K\000\366\000s\000z\000\366\000n\000e\000t\000n\000y\000i\000l\000v\000\341\000n\000\355\000t\000\341\000s}{}% 48
\BOOKMARK [0][-]{chapter*.89}{\376\377\000I\000r\000o\000d\000a\000l\000o\000m\000j\000e\000g\000y\000z\000\351\000k}{}% 49
\BOOKMARK [0][-]{appendix*.91}{\376\377\000F\000\374\000g\000g\000e\000l\000\351\000k}{}% 50
\BOOKMARK [1][-]{section.F.1}{\376\377\000A\000\040\000B\000a\000m\000b\000u\000\040\000S\000l\000i\000c\000e\000r\000\040\000b\000e\000\341\000l\000l\000\355\000t\000\341\000s\000a\000i}{appendix*.91}% 51
